2021-12-28 02:37:26,902 [信息] 
2021-12-28 02:37:26,903 [信息] 
2021-12-28 02:37:26,903 [信息] 
2021-12-28 02:37:26,903 [信息] 
2021-12-28 02:37:26,903 [信息] ===============================================================
2021-12-28 02:37:26,903 [信息] =  [E2EE免费版] 2.3.2 
2021-12-28 02:37:26,903 [信息] =    绑定IP: *
2021-12-28 02:37:26,903 [信息] =    绑定端口: 88
2021-12-28 02:37:26,903 [信息] ===============================================================
2021-12-28 02:37:26,904 [信息] [服务器] 初始化
2021-12-28 02:37:26,904 [信息] [Session系统] 正在初始化Session系统
2021-12-28 02:37:26,904 [信息] [Session系统] 初始化内存文件存储系统：[内存最大尺寸] 64 MB
2021-12-28 02:37:26,904 [信息] [Session系统] Session系统初始化完成
2021-12-28 02:37:26,904 [信息] [网站防火墙] 未开启防火墙
2021-12-28 02:37:26,905 [信息] [验证器] 无默认验证器配置文件
2021-12-28 02:37:26,905 [信息] [模板] 初始化模板引擎
2021-12-28 02:37:26,905 [信息] [模板] 扫描加载模板目录
2021-12-28 02:37:26,905 [信息] [模板] 加载状态模板
2021-12-28 02:37:26,905 [信息] [模板] [状态模板] 加载状态模板[201][无模板]: [模板目录]/201.esp
2021-12-28 02:37:26,906 [信息] [模板] [状态模板] 加载状态模板[202][无模板]: [模板目录]/202.esp
2021-12-28 02:37:26,906 [信息] [模板] [状态模板] 加载状态模板[204][无模板]: [模板目录]/204.esp
2021-12-28 02:37:26,907 [信息] [模板] [状态模板] 加载状态模板[206][无模板]: [模板目录]/206.esp
2021-12-28 02:37:26,907 [信息] [模板] [状态模板] 加载状态模板[300][无模板]: [模板目录]/300.esp
2021-12-28 02:37:26,908 [信息] [模板] [状态模板] 加载状态模板[301][无模板]: [模板目录]/301.esp
2021-12-28 02:37:26,908 [信息] [模板] [状态模板] 加载状态模板[302][无模板]: [模板目录]/302.esp
2021-12-28 02:37:26,908 [信息] [模板] [状态模板] 加载状态模板[304][无模板]: [模板目录]/304.esp
2021-12-28 02:37:26,909 [信息] [模板] [状态模板] 加载状态模板[400][内置]: [模板目录]/400.esp
2021-12-28 02:37:26,909 [信息] [模板] [状态模板] 加载状态模板[401][内置]: [模板目录]/401.esp
2021-12-28 02:37:26,910 [信息] [模板] [状态模板] 加载状态模板[403][内置]: [模板目录]/403.esp
2021-12-28 02:37:26,910 [信息] [模板] [状态模板] 加载状态模板[404][内置]: [模板目录]/404.html
2021-12-28 02:37:26,911 [信息] [模板] [状态模板] 加载状态模板[416][无模板]: [模板目录]/416.esp
2021-12-28 02:37:26,911 [信息] [模板] [状态模板] 加载状态模板[500][内置]: [模板目录]/500.esp
2021-12-28 02:37:26,912 [信息] [模板] [状态模板] 加载状态模板[501][无模板]: [模板目录]/501.esp
2021-12-28 02:37:26,912 [信息] [模板] [状态模板] 加载状态模板[502][内置]: [模板目录]/502.esp
2021-12-28 02:37:26,912 [信息] [模板] [状态模板] 加载状态模板[503][无模板]: [模板目录]/503.esp
2021-12-28 02:37:26,913 [信息] [模板] [状态模板] 加载状态模板[504][内置]: [模板目录]/504.esp
2021-12-28 02:37:26,913 [信息] [模板] 模板引擎初始化完毕
2021-12-28 02:37:26,913 [信息] [动态模块] 开始加载动态模块
2021-12-28 02:37:26,913 [信息] [动态模块] 完成加载(无配置文件 - [模块]/模块映射.json)
2021-12-28 02:37:26,914 [信息] [模块] 开始加载下级模块
2021-12-28 02:37:26,914 [信息] [模块] 完成下级模块加载
2021-12-28 02:37:26,914 [信息] [远程服务] 开始初始化
2021-12-28 02:37:26,914 [信息] [远程服务] 初始化完成
2021-12-28 02:37:26,914 [信息] [WebService] 未启用
2021-12-28 02:37:26,914 [信息] [模板函数] 同步模板函数
2021-12-28 02:37:26,914 [信息] [模板函数] 函数同步完成
2021-12-28 02:37:26,914 [信息] [模块] 开始加载视图
2021-12-28 02:37:26,914 [信息] [视图] /httpAPI
2021-12-28 02:37:26,914 [信息] [模块] 完成视图加载
2021-12-28 02:37:26,915 [信息] [缓存] 加载动态模板页缓存
2021-12-28 02:37:26,915 [信息] [缓存] 无动态模板页缓存设置
2021-12-28 02:37:26,916 [信息] [缓存][动态缓存] 缓存文件不存在
2021-12-28 02:37:26,916 [信息] [缓存] 服务器未开启静态缓存(此功能仅限商用版使用)
2021-12-28 02:37:26,916 [信息] [缓存] 加载服务器缓存动态设置
2021-12-28 02:37:26,917 [信息] [模块] 执行模块初始化函数
2021-12-28 02:37:26,917 [信息] [服务器] 正在初始化请求资源
2021-12-28 02:37:26,917 [信息] [服务器] 正在绑定地址端口
2021-12-28 02:37:26,917 [信息] [服务器] 开始监听端口内容
2021-12-28 02:37:26,917 [信息] [服务器] 开始接收用户连接
2021-12-28 02:37:26,918 [信息] [服务器] 服务器启动成功(企业版可通过【E2EE控制中心】配置线程数)
2021-12-28 02:37:26,919 [信息]     [连接数] 20
2021-12-28 02:37:26,919 [信息]     [线程数] 2
2021-12-28 02:37:26,919 [信息]     [模板数] 40
2021-12-28 02:39:01,919 [信息] 
2021-12-28 02:39:01,920 [信息] 
2021-12-28 02:39:01,920 [信息] 
2021-12-28 02:39:01,920 [信息] 
2021-12-28 02:39:01,920 [信息] ===============================================================
2021-12-28 02:39:01,920 [信息] =  [E2EE免费版] 2.3.2 
2021-12-28 02:39:01,920 [信息] =    绑定IP: *
2021-12-28 02:39:01,920 [信息] =    绑定端口: 88
2021-12-28 02:39:01,920 [信息] ===============================================================
2021-12-28 02:39:01,920 [信息] [服务器] 初始化
2021-12-28 02:39:01,921 [信息] [Session系统] 正在初始化Session系统
2021-12-28 02:39:01,921 [信息] [Session系统] 初始化内存文件存储系统：[内存最大尺寸] 64 MB
2021-12-28 02:39:01,921 [信息] [Session系统] Session系统初始化完成
2021-12-28 02:39:01,921 [信息] [网站防火墙] 未开启防火墙
2021-12-28 02:39:01,921 [信息] [验证器] 无默认验证器配置文件
2021-12-28 02:39:01,921 [信息] [模板] 初始化模板引擎
2021-12-28 02:39:01,922 [信息] [模板] 扫描加载模板目录
2021-12-28 02:39:01,922 [信息] [模板] 加载状态模板
2021-12-28 02:39:01,922 [信息] [模板] [状态模板] 加载状态模板[201][无模板]: [模板目录]/201.esp
2021-12-28 02:39:01,923 [信息] [模板] [状态模板] 加载状态模板[202][无模板]: [模板目录]/202.esp
2021-12-28 02:39:01,923 [信息] [模板] [状态模板] 加载状态模板[204][无模板]: [模板目录]/204.esp
2021-12-28 02:39:01,924 [信息] [模板] [状态模板] 加载状态模板[206][无模板]: [模板目录]/206.esp
2021-12-28 02:39:01,924 [信息] [模板] [状态模板] 加载状态模板[300][无模板]: [模板目录]/300.esp
2021-12-28 02:39:01,925 [信息] [模板] [状态模板] 加载状态模板[301][无模板]: [模板目录]/301.esp
2021-12-28 02:39:01,925 [信息] [模板] [状态模板] 加载状态模板[302][无模板]: [模板目录]/302.esp
2021-12-28 02:39:01,925 [信息] [模板] [状态模板] 加载状态模板[304][无模板]: [模板目录]/304.esp
2021-12-28 02:39:01,926 [信息] [模板] [状态模板] 加载状态模板[400][内置]: [模板目录]/400.esp
2021-12-28 02:39:01,926 [信息] [模板] [状态模板] 加载状态模板[401][内置]: [模板目录]/401.esp
2021-12-28 02:39:01,927 [信息] [模板] [状态模板] 加载状态模板[403][内置]: [模板目录]/403.esp
2021-12-28 02:39:01,927 [信息] [模板] [状态模板] 加载状态模板[404][内置]: [模板目录]/404.html
2021-12-28 02:39:01,928 [信息] [模板] [状态模板] 加载状态模板[416][无模板]: [模板目录]/416.esp
2021-12-28 02:39:01,928 [信息] [模板] [状态模板] 加载状态模板[500][内置]: [模板目录]/500.esp
2021-12-28 02:39:01,928 [信息] [模板] [状态模板] 加载状态模板[501][无模板]: [模板目录]/501.esp
2021-12-28 02:39:01,929 [信息] [模板] [状态模板] 加载状态模板[502][内置]: [模板目录]/502.esp
2021-12-28 02:39:01,929 [信息] [模板] [状态模板] 加载状态模板[503][无模板]: [模板目录]/503.esp
2021-12-28 02:39:01,930 [信息] [模板] [状态模板] 加载状态模板[504][内置]: [模板目录]/504.esp
2021-12-28 02:39:01,930 [信息] [模板] 模板引擎初始化完毕
2021-12-28 02:39:01,930 [信息] [动态模块] 开始加载动态模块
2021-12-28 02:39:01,930 [信息] [动态模块] 完成加载(无配置文件 - [模块]/模块映射.json)
2021-12-28 02:39:01,930 [信息] [模块] 开始加载下级模块
2021-12-28 02:39:01,931 [信息] [模块] 完成下级模块加载
2021-12-28 02:39:01,931 [信息] [远程服务] 开始初始化
2021-12-28 02:39:01,931 [信息] [远程服务] 初始化完成
2021-12-28 02:39:01,931 [信息] [WebService] 未启用
2021-12-28 02:39:01,931 [信息] [模板函数] 同步模板函数
2021-12-28 02:39:01,931 [信息] [模板函数] 函数同步完成
2021-12-28 02:39:01,931 [信息] [模块] 开始加载视图
2021-12-28 02:39:01,931 [信息] [视图] /httpAPI
2021-12-28 02:39:01,931 [信息] [模块] 完成视图加载
2021-12-28 02:39:01,932 [信息] [缓存] 加载动态模板页缓存
2021-12-28 02:39:01,932 [信息] [缓存] 无动态模板页缓存设置
2021-12-28 02:39:01,933 [信息] [缓存][动态缓存] 读取缓存配置成功
2021-12-28 02:39:01,934 [信息] [缓存] 服务器未开启静态缓存(此功能仅限商用版使用)
2021-12-28 02:39:01,934 [信息] [缓存] 加载服务器缓存动态设置
2021-12-28 02:39:01,934 [信息] [模块] 执行模块初始化函数
2021-12-28 02:39:01,934 [信息] [服务器] 正在初始化请求资源
2021-12-28 02:39:01,934 [信息] [服务器] 正在绑定地址端口
2021-12-28 02:39:01,934 [信息] [服务器] 开始监听端口内容
2021-12-28 02:39:01,935 [信息] [服务器] 开始接收用户连接
2021-12-28 02:39:01,936 [信息] [服务器] 服务器启动成功(企业版可通过【E2EE控制中心】配置线程数)
2021-12-28 02:39:01,936 [信息]     [连接数] 20
2021-12-28 02:39:01,936 [信息]     [线程数] 2
2021-12-28 02:39:01,937 [信息]     [模板数] 40
2021-12-28 02:40:26,169 [信息] [服务器] 服务器已经关闭
