2021-11-13 16:22:45: ------------------- 规则更新 -----------------------
2021-11-13 16:22:45: ====================================================
2021-11-13 16:22:45: 开始更新koolproxy的规则，请等待...
2021-11-13 16:22:45:  ---------------------------------------------------------------------------------------
2021-11-13 16:22:47:  ---------------------------------------------------------------------------------------
2021-11-13 16:22:48:  ---------------------------------------------------------------------------------------
2021-11-13 16:22:50: ABP规则的本地版本号： 202111131556
2021-11-13 16:22:50: ABP规则的在线版本号： 202111131616
2021-11-13 16:22:50: 检测到 ABP规则 已更新，现在开始更新...
2021-11-13 16:22:50: 将临时的ABP规则文件移动到指定位置
2021-11-13 16:22:52: yhosts规则本地版本号： 202111082343
2021-11-13 16:22:52: yhosts规则在线版本号： 202111082343
2021-11-13 16:22:52: 检测到yhosts本地版本号和在线版本号相同，那还更新个毛啊!
2021-11-13 16:22:53: fanboy规则本地版本号： 202111131600
2021-11-13 16:22:53: fanboy规则在线版本号： 202111131600
2021-11-13 16:22:53: 检测到 fanboy规则 本地版本号和在线版本号相同，那还更新个毛啊!
2021-11-13 16:22:53: antiad规则本地版本号： 20211111023927
2021-11-13 16:22:53: antiad规则在线版本号： 20211111023927
2021-11-13 16:22:53: 检测到 antiad规则 本地版本号和在线版本号相同，那还更新个毛啊!
2021-11-13 16:22:53: Android规则本地版本号： 20211113214420
2021-11-13 16:22:53: Android规则在线版本号： 20211113214420
2021-11-13 16:22:53: 检测到 Android规则 本地版本号和在线版本号相同，那还更新个毛啊!
2021-11-13 16:22:53: StevenBlack规则本地版本号： 12 November 2021
2021-11-13 16:22:53: StevenBlack规则在线版本号： 12 November 2021
2021-11-13 16:22:53: 检测到 StevenBlack规则 本地版本号和在线版本号相同，那还更新个毛啊!
2021-11-13 16:22:54: AdAway规则本地版本号： mobile ad
2021-11-13 16:22:54: AdAway规则在线版本号：
2021-11-13 16:22:54: 检测到新版本 AdAway规则 列表，开始更新...
2021-11-13 16:22:54: 将临时文件覆盖到原始 AdAway规则 文件
2021-11-13 16:22:54: 跳过优化 fanboy规则。。。。。
2021-11-13 16:22:54: 正在优化 ABP规则。。。。。
2021-11-13 16:22:59: 跳过优化 补充规则yhosts。。。。。
2021-11-13 16:22:59: 跳过优化 补充规则antiad。。。。。
2021-11-13 16:22:59: 跳过优化 补充规则Android。。。。。
2021-11-13 16:22:59: 跳过优化 补充规则StevenBlack。。。。。
2021-11-13 16:22:59: 正在优化 补充规则Adwars。。。。。
2021-11-13 16:22:59: 正在优化 补充规则AdAway。。。。。
2021-11-13 16:22:59: 所有规则更新并优化完毕！
2021-11-13 16:22:59: ====================================================
2021-11-13 16:23:02: -------------------ABP规则 version 202111131616
2021-11-13 16:23:02: -------------------Fanboy规则 version 202111131600
2021-11-13 16:23:02: -------------------Yhosts规则 version 202111082343
2021-11-13 16:23:02: -------------------Antiad规则 version 20211111023927
2021-11-13 16:23:02: -------------------Android规则 version 20211113214420
2021-11-13 16:23:02: -------------------StevenBlack规则 version 12 November 2021
2021-11-13 16:23:02: -------------------静态规则 version 2021-10-07 18:00
2021-11-13 16:23:02: -------------------乘风视频 version 202111131
2021-11-13 16:23:02: ------------------- 内置规则更新成功！ -------------------
2021-11-13 16:23:02: ------------------- 规则更新成功！ -------------------
