开始监控定时任务:
机器人ID:wxid_rqn31uwmjug922
21663011224@chatroom群组发送成功！时间：2022-01-02 00:10:01
休息3秒...
24279014823@chatroom群组发送成功！时间：2022-01-02 00:10:04
休息3秒...
wxid_rqn31uwmjug922任务执行完毕！！！

机器人ID:wxid_50rdaq3aytp12
25583590513@chatroom群组发送成功！时间：2022-01-02 00:10:07
休息3秒...
wxid_50rdaq3aytp12任务执行完毕！！！

开始监控定时任务:
开始监控定时任务:
开始监控定时任务:
机器人ID:wxid_rqn31uwmjug922
21663011224@chatroom群组发送成功！时间：2022-01-02 00:16:01
休息3秒...
24279014823@chatroom群组发送成功！时间：2022-01-02 00:16:04
休息3秒...
wxid_rqn31uwmjug922任务执行完毕！！！

机器人ID:wxid_50rdaq3aytp12
25583590513@chatroom群组发送成功！时间：2022-01-02 00:16:07
休息3秒...
wxid_50rdaq3aytp12任务执行完毕！！！

开始监控定时任务:
开始监控定时任务:
开始监控定时任务:
机器人ID:wxid_rqn31uwmjug922
21663011224@chatroom群组发送成功！时间：2022-01-02 00:22:01
休息3秒...
24279014823@chatroom群组发送成功！时间：2022-01-02 00:22:04
休息3秒...
wxid_rqn31uwmjug922任务执行完毕！！！

机器人ID:wxid_50rdaq3aytp12
25583590513@chatroom群组发送成功！时间：2022-01-02 00:22:07
休息3秒...
wxid_50rdaq3aytp12任务执行完毕！！！

开始监控定时任务:
开始监控定时任务:
开始监控定时任务:
机器人ID:wxid_rqn31uwmjug922
21663011224@chatroom群组发送成功！时间：2022-01-02 00:28:01
休息3秒...
24279014823@chatroom群组发送成功！时间：2022-01-02 00:28:04
休息3秒...
wxid_rqn31uwmjug922任务执行完毕！！！

机器人ID:wxid_50rdaq3aytp12
25583590513@chatroom群组发送成功！时间：2022-01-02 00:28:07
休息3秒...
wxid_50rdaq3aytp12任务执行完毕！！！

开始监控定时任务:
开始监控定时任务:
开始监控定时任务:
机器人ID:wxid_rqn31uwmjug922
21663011224@chatroom群组发送成功！时间：2022-01-02 00:34:01
休息3秒...
24279014823@chatroom群组发送成功！时间：2022-01-02 00:34:04
休息3秒...
wxid_rqn31uwmjug922任务执行完毕！！！

机器人ID:wxid_50rdaq3aytp12
25583590513@chatroom群组发送成功！时间：2022-01-02 00:34:07
休息3秒...
wxid_50rdaq3aytp12任务执行完毕！！！

开始监控定时任务:
开始监控定时任务:
开始监控定时任务:
机器人ID:wxid_rqn31uwmjug922
21663011224@chatroom群组发送成功！时间：2022-01-02 00:40:01
休息3秒...
24279014823@chatroom群组发送成功！时间：2022-01-02 00:40:04
休息3秒...
wxid_rqn31uwmjug922任务执行完毕！！！

机器人ID:wxid_50rdaq3aytp12
25583590513@chatroom群组发送成功！时间：2022-01-02 00:40:07
休息3秒...
wxid_50rdaq3aytp12任务执行完毕！！！

开始监控定时任务:
开始监控定时任务:
开始监控定时任务:
机器人ID:wxid_rqn31uwmjug922
21663011224@chatroom群组发送成功！时间：2022-01-02 00:46:01
休息3秒...
24279014823@chatroom群组发送成功！时间：2022-01-02 00:46:04
休息3秒...
wxid_rqn31uwmjug922任务执行完毕！！！

机器人ID:wxid_50rdaq3aytp12
25583590513@chatroom群组发送成功！时间：2022-01-02 00:46:07
休息3秒...
wxid_50rdaq3aytp12任务执行完毕！！！

开始监控定时任务:
开始监控定时任务:
开始监控定时任务:
机器人ID:wxid_rqn31uwmjug922
21663011224@chatroom群组发送成功！时间：2022-01-02 00:52:01
休息3秒...
24279014823@chatroom群组发送成功！时间：2022-01-02 00:52:04
休息3秒...
wxid_rqn31uwmjug922任务执行完毕！！！

机器人ID:wxid_50rdaq3aytp12
25583590513@chatroom群组发送成功！时间：2022-01-02 00:52:07
休息3秒...
wxid_50rdaq3aytp12任务执行完毕！！！

开始监控定时任务:
开始监控定时任务:
开始监控定时任务:
开始监控定时任务:
开始监控定时任务:
开始监控定时任务:
开始监控定时任务:
开始监控定时任务:
开始监控定时任务:
开始监控定时任务:
机器人ID:wxid_rqn31uwmjug922
21663011224@chatroom群组发送成功！时间：2022-01-02 01:12:02
休息3秒...
24279014823@chatroom群组发送成功！时间：2022-01-02 01:12:05
休息3秒...
wxid_rqn31uwmjug922任务执行完毕！！！

开始监控定时任务:
开始监控定时任务:
开始监控定时任务:
开始监控定时任务:
开始监控定时任务:
开始监控定时任务:
开始监控定时任务:
开始监控定时任务:
开始监控定时任务:
开始监控定时任务:
开始监控定时任务:
机器人ID:wxid_rqn31uwmjug922
21663011224@chatroom群组发送成功！时间：2022-01-02 01:34:01
休息3秒...
24279014823@chatroom群组发送成功！时间：2022-01-02 01:34:04
休息3秒...
wxid_rqn31uwmjug922任务执行完毕！！！

开始监控定时任务:
开始监控定时任务:
开始监控定时任务:
开始监控定时任务:
开始监控定时任务:
开始监控定时任务:
开始监控定时任务:
开始监控定时任务:
开始监控定时任务:
开始监控定时任务:
机器人ID:wxid_rqn31uwmjug922
21663011224@chatroom群组发送成功！时间：2022-01-02 01:54:01
休息3秒...
24279014823@chatroom群组发送成功！时间：2022-01-02 01:54:04
休息3秒...
wxid_rqn31uwmjug922任务执行完毕！！！

机器人ID:wxid_50rdaq3aytp12
25583590513@chatroom群组发送成功！时间：2022-01-02 01:54:07
休息3秒...
wxid_50rdaq3aytp12任务执行完毕！！！

开始监控定时任务:
开始监控定时任务:
开始监控定时任务:
开始监控定时任务:
开始监控定时任务:
开始监控定时任务:
开始监控定时任务:
开始监控定时任务:
开始监控定时任务:
开始监控定时任务:
机器人ID:wxid_rqn31uwmjug922
21663011224@chatroom群组发送成功！时间：2022-01-02 02:14:01
休息3秒...
24279014823@chatroom群组发送成功！时间：2022-01-02 02:14:05
休息3秒...
wxid_rqn31uwmjug922任务执行完毕！！！

开始监控定时任务:
开始监控定时任务:
开始监控定时任务:
开始监控定时任务:
开始监控定时任务:
开始监控定时任务:
开始监控定时任务:
开始监控定时任务:
开始监控定时任务:
开始监控定时任务:
机器人ID:wxid_rqn31uwmjug922
21663011224@chatroom群组发送成功！时间：2022-01-02 02:34:02
休息3秒...
24279014823@chatroom群组发送成功！时间：2022-01-02 02:34:05
休息3秒...
wxid_rqn31uwmjug922任务执行完毕！！！

开始监控定时任务:
开始监控定时任务:
开始监控定时任务:
开始监控定时任务:
开始监控定时任务:
开始监控定时任务:
开始监控定时任务:
开始监控定时任务:
开始监控定时任务:
开始监控定时任务:
开始监控定时任务:
机器人ID:wxid_rqn31uwmjug922
21663011224@chatroom群组发送成功！时间：2022-01-02 02:56:01
休息3秒...
24279014823@chatroom群组发送成功！时间：2022-01-02 02:56:04
休息3秒...
wxid_rqn31uwmjug922任务执行完毕！！！

机器人ID:wxid_50rdaq3aytp12
25583590513@chatroom群组发送成功！时间：2022-01-02 02:56:07
休息3秒...
wxid_50rdaq3aytp12任务执行完毕！！！

开始监控定时任务:
开始监控定时任务:
开始监控定时任务:
开始监控定时任务:
开始监控定时任务:
开始监控定时任务:
开始监控定时任务:
开始监控定时任务:
开始监控定时任务:
开始监控定时任务:
机器人ID:wxid_rqn31uwmjug922
21663011224@chatroom群组发送成功！时间：2022-01-02 03:16:01
休息3秒...
24279014823@chatroom群组发送成功！时间：2022-01-02 03:16:04
休息3秒...
wxid_rqn31uwmjug922任务执行完毕！！！

开始监控定时任务:
开始监控定时任务:
开始监控定时任务:
开始监控定时任务:
开始监控定时任务:
开始监控定时任务:
开始监控定时任务:
开始监控定时任务:
开始监控定时任务:
开始监控定时任务:
机器人ID:wxid_rqn31uwmjug922
21663011224@chatroom群组发送成功！时间：2022-01-02 03:36:01
休息3秒...
24279014823@chatroom群组发送成功！时间：2022-01-02 03:36:04
休息3秒...
wxid_rqn31uwmjug922任务执行完毕！！！

开始监控定时任务:
开始监控定时任务:
开始监控定时任务:
开始监控定时任务:
开始监控定时任务:
开始监控定时任务:
开始监控定时任务:
开始监控定时任务:
开始监控定时任务:
开始监控定时任务:
机器人ID:wxid_rqn31uwmjug922
21663011224@chatroom群组发送成功！时间：2022-01-02 03:56:01
休息3秒...
24279014823@chatroom群组发送成功！时间：2022-01-02 03:56:04
休息3秒...
wxid_rqn31uwmjug922任务执行完毕！！！

机器人ID:wxid_50rdaq3aytp12
25583590513@chatroom群组发送成功！时间：2022-01-02 03:56:07
休息3秒...
wxid_50rdaq3aytp12任务执行完毕！！！

开始监控定时任务:
开始监控定时任务:
开始监控定时任务:
开始监控定时任务:
开始监控定时任务:
开始监控定时任务:
开始监控定时任务:
开始监控定时任务:
开始监控定时任务:
开始监控定时任务:
机器人ID:wxid_rqn31uwmjug922
21663011224@chatroom群组发送成功！时间：2022-01-02 04:16:01
休息3秒...
24279014823@chatroom群组发送成功！时间：2022-01-02 04:16:05
休息3秒...
wxid_rqn31uwmjug922任务执行完毕！！！

开始监控定时任务:
开始监控定时任务:
开始监控定时任务:
开始监控定时任务:
开始监控定时任务:
开始监控定时任务:
开始监控定时任务:
开始监控定时任务:
开始监控定时任务:
开始监控定时任务:
机器人ID:wxid_rqn31uwmjug922
21663011224@chatroom群组发送成功！时间：2022-01-02 04:36:01
休息3秒...
24279014823@chatroom群组发送成功！时间：2022-01-02 04:36:04
休息3秒...
wxid_rqn31uwmjug922任务执行完毕！！！

开始监控定时任务:
开始监控定时任务:
开始监控定时任务:
开始监控定时任务:
开始监控定时任务:
开始监控定时任务:
开始监控定时任务:
开始监控定时任务:
开始监控定时任务:
开始监控定时任务:
机器人ID:wxid_rqn31uwmjug922
21663011224@chatroom群组发送成功！时间：2022-01-02 04:56:01
休息3秒...
24279014823@chatroom群组发送成功！时间：2022-01-02 04:56:04
休息3秒...
wxid_rqn31uwmjug922任务执行完毕！！！

机器人ID:wxid_50rdaq3aytp12
25583590513@chatroom群组发送成功！时间：2022-01-02 04:56:07
休息3秒...
wxid_50rdaq3aytp12任务执行完毕！！！

开始监控定时任务:
开始监控定时任务:
开始监控定时任务:
开始监控定时任务:
开始监控定时任务:
开始监控定时任务:
开始监控定时任务:
开始监控定时任务:
开始监控定时任务:
开始监控定时任务:
机器人ID:wxid_rqn31uwmjug922
21663011224@chatroom群组发送成功！时间：2022-01-02 05:16:01
休息3秒...
24279014823@chatroom群组发送成功！时间：2022-01-02 05:16:04
休息3秒...
wxid_rqn31uwmjug922任务执行完毕！！！

开始监控定时任务:
开始监控定时任务:
开始监控定时任务:
开始监控定时任务:
开始监控定时任务:
开始监控定时任务:
开始监控定时任务:
开始监控定时任务:
开始监控定时任务:
开始监控定时任务:
机器人ID:wxid_rqn31uwmjug922
21663011224@chatroom群组发送成功！时间：2022-01-02 05:36:01
休息3秒...
24279014823@chatroom群组发送成功！时间：2022-01-02 05:36:04
休息3秒...
wxid_rqn31uwmjug922任务执行完毕！！！

开始监控定时任务:
开始监控定时任务:
开始监控定时任务:
开始监控定时任务:
开始监控定时任务:
开始监控定时任务:
开始监控定时任务:
开始监控定时任务:
开始监控定时任务:
开始监控定时任务:
机器人ID:wxid_rqn31uwmjug922
21663011224@chatroom群组发送成功！时间：2022-01-02 05:56:01
休息3秒...
24279014823@chatroom群组发送成功！时间：2022-01-02 05:56:05
休息3秒...
wxid_rqn31uwmjug922任务执行完毕！！！

机器人ID:wxid_50rdaq3aytp12
25583590513@chatroom群组发送成功！时间：2022-01-02 05:56:08
休息3秒...
wxid_50rdaq3aytp12任务执行完毕！！！

开始监控定时任务:
开始监控定时任务:
开始监控定时任务:
开始监控定时任务:
开始监控定时任务:
开始监控定时任务:
开始监控定时任务:
开始监控定时任务:
开始监控定时任务:
开始监控定时任务:
机器人ID:wxid_rqn31uwmjug922
21663011224@chatroom群组发送成功！时间：2022-01-02 06:16:01
休息3秒...
24279014823@chatroom群组发送成功！时间：2022-01-02 06:16:04
休息3秒...
wxid_rqn31uwmjug922任务执行完毕！！！

开始监控定时任务:
开始监控定时任务:
开始监控定时任务:
开始监控定时任务:
开始监控定时任务:
开始监控定时任务:
开始监控定时任务:
开始监控定时任务:
开始监控定时任务:
开始监控定时任务:
机器人ID:wxid_rqn31uwmjug922
21663011224@chatroom群组发送成功！时间：2022-01-02 06:36:01
休息3秒...
24279014823@chatroom群组发送成功！时间：2022-01-02 06:36:04
休息3秒...
wxid_rqn31uwmjug922任务执行完毕！！！

开始监控定时任务:
开始监控定时任务:
开始监控定时任务:
开始监控定时任务:
开始监控定时任务:
开始监控定时任务:
开始监控定时任务:
开始监控定时任务:
开始监控定时任务:
开始监控定时任务:
机器人ID:wxid_rqn31uwmjug922
21663011224@chatroom群组发送成功！时间：2022-01-02 06:56:01
休息3秒...
24279014823@chatroom群组发送成功！时间：2022-01-02 06:56:04
休息3秒...
wxid_rqn31uwmjug922任务执行完毕！！！

开始监控定时任务:
开始监控定时任务:
开始监控定时任务:
开始监控定时任务:
开始监控定时任务:
开始监控定时任务:
开始监控定时任务:
开始监控定时任务:
机器人ID:wxid_rqn31uwmjug922
21663011224@chatroom群组发送成功！时间：2022-01-02 16:02:49
休息3秒...
24279014823@chatroom群组发送成功！时间：2022-01-02 16:02:52
休息3秒...
wxid_rqn31uwmjug922任务执行完毕！！！

机器人ID:wxid_50rdaq3aytp12
25583590513@chatroom群组发送成功！时间：2022-01-02 16:02:55
休息3秒...
wxid_50rdaq3aytp12任务执行完毕！！！

开始监控定时任务:
开始监控定时任务:
开始监控定时任务:
开始监控定时任务:
开始监控定时任务:
开始监控定时任务:
开始监控定时任务:
开始监控定时任务:
开始监控定时任务:
开始监控定时任务:
开始监控定时任务:
机器人ID:wxid_rqn31uwmjug922
21663011224@chatroom群组发送成功！时间：2022-01-02 16:24:01
休息3秒...
24279014823@chatroom群组发送成功！时间：2022-01-02 16:24:04
休息3秒...
wxid_rqn31uwmjug922任务执行完毕！！！

开始监控定时任务:
开始监控定时任务:
开始监控定时任务:
开始监控定时任务:
开始监控定时任务:
开始监控定时任务:
开始监控定时任务:
开始监控定时任务:
开始监控定时任务:
开始监控定时任务:
机器人ID:wxid_rqn31uwmjug922
21663011224@chatroom群组发送成功！时间：2022-01-02 16:44:01
休息3秒...
24279014823@chatroom群组发送成功！时间：2022-01-02 16:44:04
休息3秒...
wxid_rqn31uwmjug922任务执行完毕！！！

开始监控定时任务:
开始监控定时任务:
开始监控定时任务:
开始监控定时任务:
开始监控定时任务:
开始监控定时任务:
开始监控定时任务:
开始监控定时任务:
开始监控定时任务:
开始监控定时任务:
机器人ID:wxid_rqn31uwmjug922
21663011224@chatroom群组发送成功！时间：2022-01-02 17:04:01
休息3秒...
24279014823@chatroom群组发送成功！时间：2022-01-02 17:04:04
休息3秒...
wxid_rqn31uwmjug922任务执行完毕！！！

机器人ID:wxid_50rdaq3aytp12
25583590513@chatroom群组发送成功！时间：2022-01-02 17:04:07
休息3秒...
wxid_50rdaq3aytp12任务执行完毕！！！

开始监控定时任务:
开始监控定时任务:
开始监控定时任务:
开始监控定时任务:
开始监控定时任务:
开始监控定时任务:
开始监控定时任务:
开始监控定时任务:
开始监控定时任务:
开始监控定时任务:
机器人ID:wxid_rqn31uwmjug922
21663011224@chatroom群组发送成功！时间：2022-01-02 17:24:01
休息3秒...
24279014823@chatroom群组发送成功！时间：2022-01-02 17:24:04
休息3秒...
wxid_rqn31uwmjug922任务执行完毕！！！

开始监控定时任务:
开始监控定时任务:
开始监控定时任务:
开始监控定时任务:
开始监控定时任务:
开始监控定时任务:
开始监控定时任务:
开始监控定时任务:
开始监控定时任务:
开始监控定时任务:
机器人ID:wxid_rqn31uwmjug922
21663011224@chatroom群组发送成功！时间：2022-01-02 17:44:01
休息3秒...
24279014823@chatroom群组发送成功！时间：2022-01-02 17:44:04
休息3秒...
wxid_rqn31uwmjug922任务执行完毕！！！

开始监控定时任务:
开始监控定时任务:
开始监控定时任务:
开始监控定时任务:
开始监控定时任务:
开始监控定时任务:
开始监控定时任务:
开始监控定时任务:
开始监控定时任务:
开始监控定时任务:
机器人ID:wxid_rqn31uwmjug922
21663011224@chatroom群组发送成功！时间：2022-01-02 18:04:01
休息3秒...
24279014823@chatroom群组发送成功！时间：2022-01-02 18:04:04
休息3秒...
wxid_rqn31uwmjug922任务执行完毕！！！

机器人ID:wxid_50rdaq3aytp12
25583590513@chatroom群组发送成功！时间：2022-01-02 18:04:07
休息3秒...
wxid_50rdaq3aytp12任务执行完毕！！！

开始监控定时任务:
开始监控定时任务:
开始监控定时任务:
开始监控定时任务:
开始监控定时任务:
开始监控定时任务:
开始监控定时任务:
开始监控定时任务:
开始监控定时任务:
开始监控定时任务:
机器人ID:wxid_rqn31uwmjug922
21663011224@chatroom群组发送成功！时间：2022-01-02 18:24:01
休息3秒...
24279014823@chatroom群组发送成功！时间：2022-01-02 18:24:04
休息3秒...
wxid_rqn31uwmjug922任务执行完毕！！！

开始监控定时任务:
开始监控定时任务:
开始监控定时任务:
开始监控定时任务:
开始监控定时任务:
开始监控定时任务:
开始监控定时任务:
机器人ID:wxid_rqn31uwmjug922
21663011224@chatroom群组发送成功！时间：2022-01-02 21:24:41
休息3秒...
24279014823@chatroom群组发送成功！时间：2022-01-02 21:24:44
休息3秒...
wxid_rqn31uwmjug922任务执行完毕！！！

机器人ID:wxid_50rdaq3aytp12
25583590513@chatroom群组发送成功！时间：2022-01-02 21:24:47
休息3秒...
wxid_50rdaq3aytp12任务执行完毕！！！

开始监控定时任务:
开始监控定时任务:
开始监控定时任务:
开始监控定时任务:
开始监控定时任务:
开始监控定时任务:
开始监控定时任务:
开始监控定时任务:
开始监控定时任务:
开始监控定时任务:
开始监控定时任务:
机器人ID:wxid_rqn31uwmjug922
21663011224@chatroom群组发送成功！时间：2022-01-02 21:46:01
休息3秒...
24279014823@chatroom群组发送成功！时间：2022-01-02 21:46:04
休息3秒...
wxid_rqn31uwmjug922任务执行完毕！！！

开始监控定时任务:
开始监控定时任务:
开始监控定时任务:
开始监控定时任务:
开始监控定时任务:
开始监控定时任务:
开始监控定时任务:
开始监控定时任务:
开始监控定时任务:
开始监控定时任务:
机器人ID:wxid_rqn31uwmjug922
21663011224@chatroom群组发送成功！时间：2022-01-02 22:06:01
休息3秒...
24279014823@chatroom群组发送成功！时间：2022-01-02 22:06:04
休息3秒...
wxid_rqn31uwmjug922任务执行完毕！！！

开始监控定时任务:
开始监控定时任务:
开始监控定时任务:
开始监控定时任务:
开始监控定时任务:
开始监控定时任务:
开始监控定时任务:
开始监控定时任务:
开始监控定时任务:
开始监控定时任务:
机器人ID:wxid_rqn31uwmjug922
21663011224@chatroom群组发送成功！时间：2022-01-02 22:26:01
休息3秒...
24279014823@chatroom群组发送成功！时间：2022-01-02 22:26:04
休息3秒...
wxid_rqn31uwmjug922任务执行完毕！！！

机器人ID:wxid_50rdaq3aytp12
25583590513@chatroom群组发送成功！时间：2022-01-02 22:26:07
休息3秒...
wxid_50rdaq3aytp12任务执行完毕！！！

开始监控定时任务:
开始监控定时任务:
开始监控定时任务:
开始监控定时任务:
开始监控定时任务:
开始监控定时任务:
开始监控定时任务:
开始监控定时任务:
开始监控定时任务:
开始监控定时任务:
机器人ID:wxid_rqn31uwmjug922
21663011224@chatroom群组发送成功！时间：2022-01-02 22:46:01
休息3秒...
24279014823@chatroom群组发送成功！时间：2022-01-02 22:46:04
休息3秒...
wxid_rqn31uwmjug922任务执行完毕！！！

开始监控定时任务:
开始监控定时任务:
开始监控定时任务:
机器人ID:wxid_rqn31uwmjug922
21663011224@chatroom群组发送成功！时间：2022-01-02 23:10:56
休息3秒...
24279014823@chatroom群组发送成功！时间：2022-01-02 23:10:59
休息3秒...
wxid_rqn31uwmjug922任务执行完毕！！！

开始监控定时任务:
开始监控定时任务:
开始监控定时任务:
开始监控定时任务:
开始监控定时任务:
开始监控定时任务:
开始监控定时任务:
开始监控定时任务:
开始监控定时任务:
开始监控定时任务:
开始监控定时任务:
机器人ID:wxid_rqn31uwmjug922
21663011224@chatroom群组发送成功！时间：2022-01-02 23:32:01
休息3秒...
24279014823@chatroom群组发送成功！时间：2022-01-02 23:32:04
休息3秒...
wxid_rqn31uwmjug922任务执行完毕！！！

机器人ID:wxid_50rdaq3aytp12
25583590513@chatroom群组发送成功！时间：2022-01-02 23:32:07
休息3秒...
wxid_50rdaq3aytp12任务执行完毕！！！

开始监控定时任务:
开始监控定时任务:
开始监控定时任务:
开始监控定时任务:
开始监控定时任务:
开始监控定时任务:
开始监控定时任务:
开始监控定时任务:
开始监控定时任务:
开始监控定时任务:
机器人ID:wxid_rqn31uwmjug922
21663011224@chatroom群组发送成功！时间：2022-01-02 23:52:02
休息3秒...
24279014823@chatroom群组发送成功！时间：2022-01-02 23:52:05
休息3秒...
wxid_rqn31uwmjug922任务执行完毕！！！

开始监控定时任务:
开始监控定时任务:
开始监控定时任务:
开始监控定时任务:
开始监控定时任务:
开始监控定时任务:
开始监控定时任务:
开始监控定时任务:
开始监控定时任务:
开始监控定时任务:
开始监控定时任务:
机器人ID:wxid_rqn31uwmjug922
21663011224@chatroom群组发送成功！时间：2022-01-03 00:14:01
休息3秒...
24279014823@chatroom群组发送成功！时间：2022-01-03 00:14:04
休息3秒...
wxid_rqn31uwmjug922任务执行完毕！！！

开始监控定时任务:
开始监控定时任务:
开始监控定时任务:
开始监控定时任务:
开始监控定时任务:
开始监控定时任务:
开始监控定时任务:
开始监控定时任务:
开始监控定时任务:
开始监控定时任务:
机器人ID:wxid_rqn31uwmjug922
21663011224@chatroom群组发送成功！时间：2022-01-03 00:34:01
休息3秒...
24279014823@chatroom群组发送成功！时间：2022-01-03 00:34:04
休息3秒...
wxid_rqn31uwmjug922任务执行完毕！！！

机器人ID:wxid_50rdaq3aytp12
25583590513@chatroom群组发送成功！时间：2022-01-03 00:34:07
休息3秒...
wxid_50rdaq3aytp12任务执行完毕！！！

开始监控定时任务:
开始监控定时任务:
开始监控定时任务:
开始监控定时任务:
开始监控定时任务:
开始监控定时任务:
开始监控定时任务:
开始监控定时任务:
开始监控定时任务:
开始监控定时任务:
机器人ID:wxid_rqn31uwmjug922
21663011224@chatroom群组发送成功！时间：2022-01-03 00:54:01
休息3秒...
24279014823@chatroom群组发送成功！时间：2022-01-03 00:54:04
休息3秒...
wxid_rqn31uwmjug922任务执行完毕！！！

开始监控定时任务:
开始监控定时任务:
开始监控定时任务:
开始监控定时任务:
开始监控定时任务:
开始监控定时任务:
开始监控定时任务:
开始监控定时任务:
开始监控定时任务:
开始监控定时任务:
机器人ID:wxid_rqn31uwmjug922
21663011224@chatroom群组发送成功！时间：2022-01-03 01:14:01
休息3秒...
24279014823@chatroom群组发送成功！时间：2022-01-03 01:14:04
休息3秒...
wxid_rqn31uwmjug922任务执行完毕！！！

开始监控定时任务:
开始监控定时任务:
开始监控定时任务:
开始监控定时任务:
开始监控定时任务:
开始监控定时任务:
开始监控定时任务:
开始监控定时任务:
开始监控定时任务:
开始监控定时任务:
机器人ID:wxid_rqn31uwmjug922
21663011224@chatroom群组发送成功！时间：2022-01-03 01:34:02
休息3秒...
24279014823@chatroom群组发送成功！时间：2022-01-03 01:34:05
休息3秒...
wxid_rqn31uwmjug922任务执行完毕！！！

机器人ID:wxid_50rdaq3aytp12
25583590513@chatroom群组发送成功！时间：2022-01-03 01:34:08
休息3秒...
wxid_50rdaq3aytp12任务执行完毕！！！

开始监控定时任务:
开始监控定时任务:
开始监控定时任务:
开始监控定时任务:
开始监控定时任务:
开始监控定时任务:
开始监控定时任务:
开始监控定时任务:
开始监控定时任务:
开始监控定时任务:
开始监控定时任务:
机器人ID:wxid_rqn31uwmjug922
21663011224@chatroom群组发送成功！时间：2022-01-03 01:56:01
休息3秒...
24279014823@chatroom群组发送成功！时间：2022-01-03 01:56:04
休息3秒...
wxid_rqn31uwmjug922任务执行完毕！！！

开始监控定时任务:
开始监控定时任务:
开始监控定时任务:
开始监控定时任务:
开始监控定时任务:
开始监控定时任务:
开始监控定时任务:
开始监控定时任务:
开始监控定时任务:
开始监控定时任务:
机器人ID:wxid_rqn31uwmjug922
21663011224@chatroom群组发送成功！时间：2022-01-03 02:16:01
休息3秒...
24279014823@chatroom群组发送成功！时间：2022-01-03 02:16:04
休息3秒...
wxid_rqn31uwmjug922任务执行完毕！！！

开始监控定时任务:
开始监控定时任务:
开始监控定时任务:
开始监控定时任务:
开始监控定时任务:
开始监控定时任务:
开始监控定时任务:
开始监控定时任务:
开始监控定时任务:
开始监控定时任务:
机器人ID:wxid_rqn31uwmjug922
21663011224@chatroom群组发送成功！时间：2022-01-03 02:36:02
休息3秒...
24279014823@chatroom群组发送成功！时间：2022-01-03 02:36:05
休息3秒...
wxid_rqn31uwmjug922任务执行完毕！！！

机器人ID:wxid_50rdaq3aytp12
25583590513@chatroom群组发送成功！时间：2022-01-03 02:36:08
休息3秒...
wxid_50rdaq3aytp12任务执行完毕！！！

开始监控定时任务:
开始监控定时任务:
开始监控定时任务:
开始监控定时任务:
开始监控定时任务:
开始监控定时任务:
开始监控定时任务:
开始监控定时任务:
开始监控定时任务:
开始监控定时任务:
开始监控定时任务:
机器人ID:wxid_rqn31uwmjug922
21663011224@chatroom群组发送成功！时间：2022-01-03 02:58:01
休息3秒...
24279014823@chatroom群组发送成功！时间：2022-01-03 02:58:04
休息3秒...
wxid_rqn31uwmjug922任务执行完毕！！！

开始监控定时任务:
开始监控定时任务:
开始监控定时任务:
开始监控定时任务:
开始监控定时任务:
开始监控定时任务:
开始监控定时任务:
开始监控定时任务:
开始监控定时任务:
开始监控定时任务:
机器人ID:wxid_rqn31uwmjug922
21663011224@chatroom群组发送成功！时间：2022-01-03 03:18:01
休息3秒...
24279014823@chatroom群组发送成功！时间：2022-01-03 03:18:04
休息3秒...
wxid_rqn31uwmjug922任务执行完毕！！！

开始监控定时任务:
开始监控定时任务:
开始监控定时任务:
开始监控定时任务:
开始监控定时任务:
机器人ID:wxid_rqn31uwmjug922
21663011224@chatroom群组发送成功！时间：2022-01-03 13:20:01
休息3秒...
24279014823@chatroom群组发送成功！时间：2022-01-03 13:20:04
休息3秒...
wxid_rqn31uwmjug922任务执行完毕！！！

机器人ID:wxid_50rdaq3aytp12
25583590513@chatroom群组发送成功！时间：2022-01-03 13:20:07
休息3秒...
wxid_50rdaq3aytp12任务执行完毕！！！

开始监控定时任务:
开始监控定时任务:
开始监控定时任务:
开始监控定时任务:
开始监控定时任务:
开始监控定时任务:
开始监控定时任务:
开始监控定时任务:
开始监控定时任务:
开始监控定时任务:
机器人ID:wxid_rqn31uwmjug922
21663011224@chatroom群组发送成功！时间：2022-01-03 13:40:02
休息3秒...
24279014823@chatroom群组发送成功！时间：2022-01-03 13:40:05
休息3秒...
wxid_rqn31uwmjug922任务执行完毕！！！

开始监控定时任务:
开始监控定时任务:
开始监控定时任务:
开始监控定时任务:
开始监控定时任务:
开始监控定时任务:
开始监控定时任务:
开始监控定时任务:
开始监控定时任务:
开始监控定时任务:
开始监控定时任务:
机器人ID:wxid_rqn31uwmjug922
21663011224@chatroom群组发送成功！时间：2022-01-03 14:02:01
休息3秒...
24279014823@chatroom群组发送成功！时间：2022-01-03 14:02:04
休息3秒...
wxid_rqn31uwmjug922任务执行完毕！！！

开始监控定时任务:
开始监控定时任务:
开始监控定时任务:
开始监控定时任务:
开始监控定时任务:
开始监控定时任务:
开始监控定时任务:
开始监控定时任务:
开始监控定时任务:
开始监控定时任务:
机器人ID:wxid_rqn31uwmjug922
21663011224@chatroom群组发送成功！时间：2022-01-03 14:22:01
休息3秒...
24279014823@chatroom群组发送成功！时间：2022-01-03 14:22:04
休息3秒...
wxid_rqn31uwmjug922任务执行完毕！！！

机器人ID:wxid_50rdaq3aytp12
25583590513@chatroom群组发送成功！时间：2022-01-03 14:22:07
休息3秒...
wxid_50rdaq3aytp12任务执行完毕！！！

开始监控定时任务:
机器人ID:wxid_rqn31uwmjug922
21663011224@chatroom群组发送成功！时间：2022-01-03 15:36:01
休息3秒...
24279014823@chatroom群组发送成功！时间：2022-01-03 15:36:04
休息3秒...
wxid_rqn31uwmjug922任务执行完毕！！！

机器人ID:wxid_50rdaq3aytp12
25583590513@chatroom群组发送成功！时间：2022-01-03 15:36:07
休息3秒...
wxid_50rdaq3aytp12任务执行完毕！！！

开始监控定时任务:
开始监控定时任务:
开始监控定时任务:
开始监控定时任务:
开始监控定时任务:
开始监控定时任务:
开始监控定时任务:
开始监控定时任务:
开始监控定时任务:
开始监控定时任务:
机器人ID:wxid_rqn31uwmjug922
21663011224@chatroom群组发送成功！时间：2022-01-03 15:56:02
休息3秒...
24279014823@chatroom群组发送成功！时间：2022-01-03 15:56:05
休息3秒...
wxid_rqn31uwmjug922任务执行完毕！！！

开始监控定时任务:
开始监控定时任务:
开始监控定时任务:
开始监控定时任务:
开始监控定时任务:
开始监控定时任务:
开始监控定时任务:
开始监控定时任务:
开始监控定时任务:
开始监控定时任务:
机器人ID:wxid_rqn31uwmjug922
21663011224@chatroom群组发送成功！时间：2022-01-03 16:16:01
休息3秒...
24279014823@chatroom群组发送成功！时间：2022-01-03 16:16:04
休息3秒...
wxid_rqn31uwmjug922任务执行完毕！！！

开始监控定时任务:
开始监控定时任务:
开始监控定时任务:
开始监控定时任务:
开始监控定时任务:
开始监控定时任务:
开始监控定时任务:
开始监控定时任务:
开始监控定时任务:
开始监控定时任务:
机器人ID:wxid_rqn31uwmjug922
21663011224@chatroom群组发送成功！时间：2022-01-03 16:36:01
休息3秒...
18221469840@chatroom群组发送成功！时间：2022-01-03 16:36:04
休息3秒...
24279014823@chatroom群组发送成功！时间：2022-01-03 16:36:07
休息3秒...
wxid_rqn31uwmjug922任务执行完毕！！！

开始监控定时任务:
开始监控定时任务:
开始监控定时任务:
开始监控定时任务:
开始监控定时任务:
开始监控定时任务:
开始监控定时任务:
开始监控定时任务:
开始监控定时任务:
开始监控定时任务:
机器人ID:wxid_rqn31uwmjug922
21663011224@chatroom群组发送成功！时间：2022-01-03 16:56:01
休息3秒...
18221469840@chatroom群组发送成功！时间：2022-01-03 16:56:04
休息3秒...
24279014823@chatroom群组发送成功！时间：2022-01-03 16:56:07
休息3秒...
wxid_rqn31uwmjug922任务执行完毕！！！

开始监控定时任务:
开始监控定时任务:
开始监控定时任务:
开始监控定时任务:
开始监控定时任务:
开始监控定时任务:
开始监控定时任务:
开始监控定时任务:
开始监控定时任务:
开始监控定时任务:
机器人ID:wxid_rqn31uwmjug922
21663011224@chatroom群组发送成功！时间：2022-01-03 17:16:01
休息3秒...
18221469840@chatroom群组发送成功！时间：2022-01-03 17:16:04
休息3秒...
24279014823@chatroom群组发送成功！时间：2022-01-03 17:16:07
休息3秒...
wxid_rqn31uwmjug922任务执行完毕！！！

开始监控定时任务:
开始监控定时任务:
开始监控定时任务:
开始监控定时任务:
开始监控定时任务:
开始监控定时任务:
开始监控定时任务:
开始监控定时任务:
开始监控定时任务:
开始监控定时任务:
机器人ID:wxid_rqn31uwmjug922
21663011224@chatroom群组发送成功！时间：2022-01-03 17:36:01
休息3秒...
18221469840@chatroom群组发送成功！时间：2022-01-03 17:36:04
休息3秒...
24279014823@chatroom群组发送成功！时间：2022-01-03 17:36:07
休息3秒...
wxid_rqn31uwmjug922任务执行完毕！！！

开始监控定时任务:
开始监控定时任务:
开始监控定时任务:
开始监控定时任务:
开始监控定时任务:
开始监控定时任务:
开始监控定时任务:
开始监控定时任务:
开始监控定时任务:
开始监控定时任务:
机器人ID:wxid_rqn31uwmjug922
21663011224@chatroom群组发送成功！时间：2022-01-03 17:56:01
休息3秒...
18221469840@chatroom群组发送成功！时间：2022-01-03 17:56:04
休息3秒...
24279014823@chatroom群组发送成功！时间：2022-01-03 17:56:07
休息3秒...
wxid_rqn31uwmjug922任务执行完毕！！！

开始监控定时任务:
开始监控定时任务:
开始监控定时任务:
开始监控定时任务:
开始监控定时任务:
开始监控定时任务:
开始监控定时任务:
开始监控定时任务:
开始监控定时任务:
开始监控定时任务:
机器人ID:wxid_rqn31uwmjug922
21663011224@chatroom群组发送成功！时间：2022-01-03 18:16:01
休息3秒...
18221469840@chatroom群组发送成功！时间：2022-01-03 18:16:04
休息3秒...
24279014823@chatroom群组发送成功！时间：2022-01-03 18:16:07
休息3秒...
wxid_rqn31uwmjug922任务执行完毕！！！

开始监控定时任务:
开始监控定时任务:
开始监控定时任务:
开始监控定时任务:
开始监控定时任务:
开始监控定时任务:
开始监控定时任务:
开始监控定时任务:
开始监控定时任务:
开始监控定时任务:
机器人ID:wxid_rqn31uwmjug922
21663011224@chatroom群组发送成功！时间：2022-01-03 18:36:01
休息3秒...
18221469840@chatroom群组发送成功！时间：2022-01-03 18:36:04
休息3秒...
24279014823@chatroom群组发送成功！时间：2022-01-03 18:36:07
休息3秒...
wxid_rqn31uwmjug922任务执行完毕！！！

开始监控定时任务:
开始监控定时任务:
开始监控定时任务:
开始监控定时任务:
开始监控定时任务:
开始监控定时任务:
开始监控定时任务:
开始监控定时任务:
开始监控定时任务:
开始监控定时任务:
机器人ID:wxid_rqn31uwmjug922
21663011224@chatroom群组发送成功！时间：2022-01-03 20:24:47
休息3秒...
18221469840@chatroom群组发送成功！时间：2022-01-03 20:24:57
休息3秒...
24279014823@chatroom群组发送成功！时间：2022-01-03 20:25:00
休息3秒...
wxid_rqn31uwmjug922任务执行完毕！！！

开始监控定时任务:
开始监控定时任务:
开始监控定时任务:
开始监控定时任务:
开始监控定时任务:
开始监控定时任务:
开始监控定时任务:
开始监控定时任务:
开始监控定时任务:
开始监控定时任务:
开始监控定时任务:
机器人ID:wxid_rqn31uwmjug922
21663011224@chatroom群组发送成功！时间：2022-01-03 20:46:01
休息3秒...
18221469840@chatroom群组发送成功！时间：2022-01-03 20:46:04
休息3秒...
24279014823@chatroom群组发送成功！时间：2022-01-03 20:46:07
休息3秒...
wxid_rqn31uwmjug922任务执行完毕！！！

开始监控定时任务:
开始监控定时任务:
开始监控定时任务:
开始监控定时任务:
开始监控定时任务:
开始监控定时任务:
开始监控定时任务:
开始监控定时任务:
开始监控定时任务:
开始监控定时任务:
机器人ID:wxid_rqn31uwmjug922
21663011224@chatroom群组发送成功！时间：2022-01-03 21:06:02
休息3秒...
18221469840@chatroom群组发送成功！时间：2022-01-03 21:06:05
休息3秒...
24279014823@chatroom群组发送成功！时间：2022-01-03 21:06:08
休息3秒...
wxid_rqn31uwmjug922任务执行完毕！！！

开始监控定时任务:
开始监控定时任务:
开始监控定时任务:
开始监控定时任务:
开始监控定时任务:
开始监控定时任务:
开始监控定时任务:
开始监控定时任务:
开始监控定时任务:
开始监控定时任务:
开始监控定时任务:
机器人ID:wxid_rqn31uwmjug922
21663011224@chatroom群组发送成功！时间：2022-01-03 21:28:01
休息3秒...
18221469840@chatroom群组发送成功！时间：2022-01-03 21:28:04
休息3秒...
24279014823@chatroom群组发送成功！时间：2022-01-03 21:28:07
休息3秒...
wxid_rqn31uwmjug922任务执行完毕！！！

开始监控定时任务:
开始监控定时任务:
开始监控定时任务:
开始监控定时任务:
开始监控定时任务:
开始监控定时任务:
开始监控定时任务:
开始监控定时任务:
开始监控定时任务:
开始监控定时任务:
机器人ID:wxid_rqn31uwmjug922
21663011224@chatroom群组发送成功！时间：2022-01-03 21:48:01
休息3秒...
18221469840@chatroom群组发送成功！时间：2022-01-03 21:48:04
休息3秒...
24279014823@chatroom群组发送成功！时间：2022-01-03 21:48:07
休息3秒...
wxid_rqn31uwmjug922任务执行完毕！！！

开始监控定时任务:
开始监控定时任务:
开始监控定时任务:
开始监控定时任务:
开始监控定时任务:
开始监控定时任务:
开始监控定时任务:
开始监控定时任务:
开始监控定时任务:
开始监控定时任务:
机器人ID:wxid_rqn31uwmjug922
21663011224@chatroom群组发送成功！时间：2022-01-03 22:08:01
休息3秒...
18221469840@chatroom群组发送成功！时间：2022-01-03 22:08:04
休息3秒...
24279014823@chatroom群组发送成功！时间：2022-01-03 22:08:07
休息3秒...
wxid_rqn31uwmjug922任务执行完毕！！！

开始监控定时任务:
开始监控定时任务:
开始监控定时任务:
开始监控定时任务:
开始监控定时任务:
开始监控定时任务:
开始监控定时任务:
开始监控定时任务:
开始监控定时任务:
开始监控定时任务:
机器人ID:wxid_rqn31uwmjug922
21663011224@chatroom群组发送成功！时间：2022-01-03 22:28:02
休息3秒...
18221469840@chatroom群组发送成功！时间：2022-01-03 22:28:05
休息3秒...
24279014823@chatroom群组发送成功！时间：2022-01-03 22:28:08
休息3秒...
wxid_rqn31uwmjug922任务执行完毕！！！

开始监控定时任务:
开始监控定时任务:
开始监控定时任务:
开始监控定时任务:
机器人ID:wxid_rqn31uwmjug922
21663011224@chatroom群组发送成功！时间：2022-01-04 00:30:01
休息3秒...
18221469840@chatroom群组发送成功！时间：2022-01-04 00:30:04
休息3秒...
24279014823@chatroom群组发送成功！时间：2022-01-04 00:30:07
休息3秒...
wxid_rqn31uwmjug922任务执行完毕！！！

开始监控定时任务:
开始监控定时任务:
开始监控定时任务:
开始监控定时任务:
开始监控定时任务:
开始监控定时任务:
开始监控定时任务:
开始监控定时任务:
开始监控定时任务:
开始监控定时任务:
机器人ID:wxid_rqn31uwmjug922
21663011224@chatroom群组发送成功！时间：2022-01-04 00:50:01
休息3秒...
18221469840@chatroom群组发送成功！时间：2022-01-04 00:50:04
休息3秒...
24279014823@chatroom群组发送成功！时间：2022-01-04 00:50:07
休息3秒...
wxid_rqn31uwmjug922任务执行完毕！！！

开始监控定时任务:
开始监控定时任务:
开始监控定时任务:
开始监控定时任务:
开始监控定时任务:
开始监控定时任务:
开始监控定时任务:
开始监控定时任务:
开始监控定时任务:
开始监控定时任务:
机器人ID:wxid_rqn31uwmjug922
21663011224@chatroom群组发送成功！时间：2022-01-04 01:10:01
休息3秒...
18221469840@chatroom群组发送成功！时间：2022-01-04 01:10:04
休息3秒...
24279014823@chatroom群组发送成功！时间：2022-01-04 01:10:07
休息3秒...
wxid_rqn31uwmjug922任务执行完毕！！！

开始监控定时任务:
开始监控定时任务:
开始监控定时任务:
开始监控定时任务:
开始监控定时任务:
开始监控定时任务:
开始监控定时任务:
开始监控定时任务:
开始监控定时任务:
开始监控定时任务:
机器人ID:wxid_rqn31uwmjug922
21663011224@chatroom群组发送成功！时间：2022-01-04 01:30:01
休息3秒...
18221469840@chatroom群组发送成功！时间：2022-01-04 01:30:04
休息3秒...
24279014823@chatroom群组发送成功！时间：2022-01-04 01:30:07
休息3秒...
wxid_rqn31uwmjug922任务执行完毕！！！

开始监控定时任务:
开始监控定时任务:
开始监控定时任务:
开始监控定时任务:
开始监控定时任务:
开始监控定时任务:
开始监控定时任务:
开始监控定时任务:
开始监控定时任务:
开始监控定时任务:
机器人ID:wxid_rqn31uwmjug922
21663011224@chatroom群组发送成功！时间：2022-01-04 01:50:01
休息3秒...
18221469840@chatroom群组发送成功！时间：2022-01-04 01:50:04
休息3秒...
24279014823@chatroom群组发送成功！时间：2022-01-04 01:50:07
休息3秒...
wxid_rqn31uwmjug922任务执行完毕！！！

开始监控定时任务:
开始监控定时任务:
开始监控定时任务:
开始监控定时任务:
开始监控定时任务:
开始监控定时任务:
开始监控定时任务:
开始监控定时任务:
开始监控定时任务:
开始监控定时任务:
机器人ID:wxid_rqn31uwmjug922
21663011224@chatroom群组发送成功！时间：2022-01-04 02:10:02
休息3秒...
18221469840@chatroom群组发送成功！时间：2022-01-04 02:10:05
休息3秒...
24279014823@chatroom群组发送成功！时间：2022-01-04 02:10:08
休息3秒...
wxid_rqn31uwmjug922任务执行完毕！！！

开始监控定时任务:
开始监控定时任务:
开始监控定时任务:
开始监控定时任务:
开始监控定时任务:
开始监控定时任务:
开始监控定时任务:
开始监控定时任务:
开始监控定时任务:
开始监控定时任务:
开始监控定时任务:
机器人ID:wxid_rqn31uwmjug922
21663011224@chatroom群组发送成功！时间：2022-01-04 02:32:01
休息3秒...
18221469840@chatroom群组发送成功！时间：2022-01-04 02:32:04
休息3秒...
24279014823@chatroom群组发送成功！时间：2022-01-04 02:32:07
休息3秒...
wxid_rqn31uwmjug922任务执行完毕！！！

开始监控定时任务:
开始监控定时任务:
开始监控定时任务:
开始监控定时任务:
开始监控定时任务:
开始监控定时任务:
开始监控定时任务:
开始监控定时任务:
开始监控定时任务:
开始监控定时任务:
机器人ID:wxid_rqn31uwmjug922
21663011224@chatroom群组发送成功！时间：2022-01-04 02:52:02
休息3秒...
18221469840@chatroom群组发送成功！时间：2022-01-04 02:52:05
休息3秒...
24279014823@chatroom群组发送成功！时间：2022-01-04 02:52:08
休息3秒...
wxid_rqn31uwmjug922任务执行完毕！！！

开始监控定时任务:
开始监控定时任务:
开始监控定时任务:
开始监控定时任务:
开始监控定时任务:
开始监控定时任务:
开始监控定时任务:
开始监控定时任务:
开始监控定时任务:
开始监控定时任务:
开始监控定时任务:
机器人ID:wxid_rqn31uwmjug922
21663011224@chatroom群组发送成功！时间：2022-01-04 03:14:01
休息3秒...
18221469840@chatroom群组发送成功！时间：2022-01-04 03:14:04
休息3秒...
24279014823@chatroom群组发送成功！时间：2022-01-04 03:14:07
休息3秒...
wxid_rqn31uwmjug922任务执行完毕！！！

开始监控定时任务:
开始监控定时任务:
开始监控定时任务:
开始监控定时任务:
开始监控定时任务:
开始监控定时任务:
开始监控定时任务:
开始监控定时任务:
开始监控定时任务:
开始监控定时任务:
机器人ID:wxid_rqn31uwmjug922
21663011224@chatroom群组发送成功！时间：2022-01-04 03:34:01
休息3秒...
18221469840@chatroom群组发送成功！时间：2022-01-04 03:34:04
休息3秒...
24279014823@chatroom群组发送成功！时间：2022-01-04 03:34:07
休息3秒...
wxid_rqn31uwmjug922任务执行完毕！！！

开始监控定时任务:
开始监控定时任务:
开始监控定时任务:
开始监控定时任务:
开始监控定时任务:
开始监控定时任务:
开始监控定时任务:
开始监控定时任务:
开始监控定时任务:
开始监控定时任务:
机器人ID:wxid_rqn31uwmjug922
21663011224@chatroom群组发送成功！时间：2022-01-04 03:54:01
休息3秒...
18221469840@chatroom群组发送成功！时间：2022-01-04 03:54:04
休息3秒...
24279014823@chatroom群组发送成功！时间：2022-01-04 03:54:07
休息3秒...
wxid_rqn31uwmjug922任务执行完毕！！！

开始监控定时任务:
开始监控定时任务:
开始监控定时任务:
开始监控定时任务:
开始监控定时任务:
开始监控定时任务:
开始监控定时任务:
开始监控定时任务:
开始监控定时任务:
开始监控定时任务:
机器人ID:wxid_rqn31uwmjug922
21663011224@chatroom群组发送成功！时间：2022-01-04 04:14:01
休息3秒...
18221469840@chatroom群组发送成功！时间：2022-01-04 04:14:04
休息3秒...
24279014823@chatroom群组发送成功！时间：2022-01-04 04:14:07
休息3秒...
wxid_rqn31uwmjug922任务执行完毕！！！

开始监控定时任务:
开始监控定时任务:
开始监控定时任务:
开始监控定时任务:
开始监控定时任务:
开始监控定时任务:
开始监控定时任务:
开始监控定时任务:
开始监控定时任务:
开始监控定时任务:
机器人ID:wxid_rqn31uwmjug922
21663011224@chatroom群组发送成功！时间：2022-01-04 04:34:01
休息3秒...
18221469840@chatroom群组发送成功！时间：2022-01-04 04:34:04
休息3秒...
24279014823@chatroom群组发送成功！时间：2022-01-04 04:34:07
休息3秒...
wxid_rqn31uwmjug922任务执行完毕！！！

开始监控定时任务:
开始监控定时任务:
开始监控定时任务:
开始监控定时任务:
开始监控定时任务:
开始监控定时任务:
开始监控定时任务:
开始监控定时任务:
开始监控定时任务:
开始监控定时任务:
机器人ID:wxid_rqn31uwmjug922
21663011224@chatroom群组发送成功！时间：2022-01-04 04:54:01
休息3秒...
18221469840@chatroom群组发送成功！时间：2022-01-04 04:54:04
休息3秒...
24279014823@chatroom群组发送成功！时间：2022-01-04 04:54:07
休息3秒...
wxid_rqn31uwmjug922任务执行完毕！！！

开始监控定时任务:
开始监控定时任务:
开始监控定时任务:
开始监控定时任务:
开始监控定时任务:
开始监控定时任务:
开始监控定时任务:
开始监控定时任务:
开始监控定时任务:
开始监控定时任务:
机器人ID:wxid_rqn31uwmjug922
21663011224@chatroom群组发送成功！时间：2022-01-04 05:14:01
休息3秒...
18221469840@chatroom群组发送成功！时间：2022-01-04 05:14:04
休息3秒...
24279014823@chatroom群组发送成功！时间：2022-01-04 05:14:07
休息3秒...
wxid_rqn31uwmjug922任务执行完毕！！！

开始监控定时任务:
开始监控定时任务:
开始监控定时任务:
开始监控定时任务:
开始监控定时任务:
开始监控定时任务:
开始监控定时任务:
开始监控定时任务:
开始监控定时任务:
开始监控定时任务:
机器人ID:wxid_rqn31uwmjug922
21663011224@chatroom群组发送成功！时间：2022-01-04 05:34:01
休息3秒...
18221469840@chatroom群组发送成功！时间：2022-01-04 05:34:04
休息3秒...
24279014823@chatroom群组发送成功！时间：2022-01-04 05:34:07
休息3秒...
wxid_rqn31uwmjug922任务执行完毕！！！

开始监控定时任务:
开始监控定时任务:
开始监控定时任务:
开始监控定时任务:
开始监控定时任务:
开始监控定时任务:
开始监控定时任务:
开始监控定时任务:
开始监控定时任务:
开始监控定时任务:
机器人ID:wxid_rqn31uwmjug922
21663011224@chatroom群组发送成功！时间：2022-01-04 05:54:02
休息3秒...
18221469840@chatroom群组发送成功！时间：2022-01-04 05:54:05
休息3秒...
24279014823@chatroom群组发送成功！时间：2022-01-04 05:54:08
休息3秒...
wxid_rqn31uwmjug922任务执行完毕！！！

开始监控定时任务:
开始监控定时任务:
开始监控定时任务:
开始监控定时任务:
开始监控定时任务:
开始监控定时任务:
开始监控定时任务:
开始监控定时任务:
开始监控定时任务:
开始监控定时任务:
开始监控定时任务:
机器人ID:wxid_rqn31uwmjug922
21663011224@chatroom群组发送成功！时间：2022-01-04 06:16:01
休息3秒...
18221469840@chatroom群组发送成功！时间：2022-01-04 06:16:04
休息3秒...
24279014823@chatroom群组发送成功！时间：2022-01-04 06:16:07
休息3秒...
wxid_rqn31uwmjug922任务执行完毕！！！

开始监控定时任务:
开始监控定时任务:
开始监控定时任务:
开始监控定时任务:
开始监控定时任务:
开始监控定时任务:
开始监控定时任务:
开始监控定时任务:
开始监控定时任务:
机器人ID:wxid_rqn31uwmjug922
21663011224@chatroom群组发送成功！时间：2022-01-04 20:56:01
休息3秒...
18221469840@chatroom群组发送成功！时间：2022-01-04 20:56:04
休息3秒...
24279014823@chatroom群组发送成功！时间：2022-01-04 20:56:07
休息3秒...
wxid_rqn31uwmjug922任务执行完毕！！！

开始监控定时任务:
开始监控定时任务:
开始监控定时任务:
开始监控定时任务:
开始监控定时任务:
开始监控定时任务:
开始监控定时任务:
开始监控定时任务:
开始监控定时任务:
开始监控定时任务:
机器人ID:wxid_rqn31uwmjug922
21663011224@chatroom群组发送成功！时间：2022-01-04 21:16:01
休息3秒...
18221469840@chatroom群组发送成功！时间：2022-01-04 21:16:04
休息3秒...
24279014823@chatroom群组发送成功！时间：2022-01-04 21:16:07
休息3秒...
wxid_rqn31uwmjug922任务执行完毕！！！

开始监控定时任务:
开始监控定时任务:
开始监控定时任务:
开始监控定时任务:
开始监控定时任务:
开始监控定时任务:
开始监控定时任务:
开始监控定时任务:
开始监控定时任务:
开始监控定时任务:
机器人ID:wxid_rqn31uwmjug922
21663011224@chatroom群组发送成功！时间：2022-01-04 21:36:01
休息3秒...
18221469840@chatroom群组发送成功！时间：2022-01-04 21:36:04
休息3秒...
24279014823@chatroom群组发送成功！时间：2022-01-04 21:36:07
休息3秒...
wxid_rqn31uwmjug922任务执行完毕！！！

开始监控定时任务:
开始监控定时任务:
开始监控定时任务:
开始监控定时任务:
机器人ID:wxid_rqn31uwmjug922
21663011224@chatroom群组发送成功！时间：2022-01-05 10:48:02
休息3秒...
18221469840@chatroom群组发送成功！时间：2022-01-05 10:48:05
休息3秒...
24279014823@chatroom群组发送成功！时间：2022-01-05 10:48:08
休息3秒...
wxid_rqn31uwmjug922任务执行完毕！！！

开始监控定时任务:
开始监控定时任务:
开始监控定时任务:
开始监控定时任务:
开始监控定时任务:
开始监控定时任务:
开始监控定时任务:
开始监控定时任务:
开始监控定时任务:
开始监控定时任务:
开始监控定时任务:
机器人ID:wxid_rqn31uwmjug922
21663011224@chatroom群组发送成功！时间：2022-01-05 11:10:01
休息3秒...
18221469840@chatroom群组发送成功！时间：2022-01-05 11:10:04
休息3秒...
24279014823@chatroom群组发送成功！时间：2022-01-05 11:10:07
休息3秒...
wxid_rqn31uwmjug922任务执行完毕！！！

开始监控定时任务:
开始监控定时任务:
开始监控定时任务:
开始监控定时任务:
开始监控定时任务:
开始监控定时任务:
开始监控定时任务:
PHP Fatal error:  'break' not in the 'loop' or 'switch' context in /www/wwwroot/manage.robot.com/application/command/Quan.php on line 20

Fatal error: 'break' not in the 'loop' or 'switch' context in /www/wwwroot/manage.robot.com/application/command/Quan.php on line 20


                                                 
  [think\exception\ErrorException]               
  'break' not in the 'loop' or 'switch' context  
                                                 


Exception trace:
 () at /www/wwwroot/manage.robot.com/application/command/Quan.php:20
 think\Error::appShutdown() at n/a:n/a


PHP Fatal error:  'break' not in the 'loop' or 'switch' context in /www/wwwroot/manage.robot.com/application/command/Quan.php on line 20

Fatal error: 'break' not in the 'loop' or 'switch' context in /www/wwwroot/manage.robot.com/application/command/Quan.php on line 20


                                                 
  [think\exception\ErrorException]               
  'break' not in the 'loop' or 'switch' context  
                                                 


Exception trace:
 () at /www/wwwroot/manage.robot.com/application/command/Quan.php:20
 think\Error::appShutdown() at n/a:n/a


开始监控定时任务:
机器人ID:wxid_rqn31uwmjug922
21663011224@chatroom群组发送成功！时间：2022-01-05 11:30:01
休息3秒...
24279014823@chatroom群组发送成功！时间：2022-01-05 11:30:04
休息3秒...
wxid_rqn31uwmjug922任务执行完毕！！！

开始监控定时任务:
开始监控定时任务:
开始监控定时任务:
开始监控定时任务:
开始监控定时任务:
开始监控定时任务:
开始监控定时任务:
开始监控定时任务:
开始监控定时任务:
开始监控定时任务:
开始监控定时任务:
开始监控定时任务:
开始监控定时任务:
开始监控定时任务:
开始监控定时任务:
开始监控定时任务:
开始监控定时任务:
开始监控定时任务:
开始监控定时任务:
开始监控定时任务:
开始监控定时任务:
开始监控定时任务:
开始监控定时任务:
开始监控定时任务:
开始监控定时任务:
开始监控定时任务:
开始监控定时任务:
开始监控定时任务:
开始监控定时任务:
开始监控定时任务:
开始监控定时任务:
开始监控定时任务:
开始监控定时任务:
开始监控定时任务:
开始监控定时任务:
开始监控定时任务:
开始监控定时任务:
开始监控定时任务:
开始监控定时任务:
开始监控定时任务:
开始监控定时任务:
开始监控定时任务:
开始监控定时任务:
开始监控定时任务:
开始监控定时任务:
开始监控定时任务:
开始监控定时任务:
开始监控定时任务:
开始监控定时任务:
开始监控定时任务:
开始监控定时任务:
开始监控定时任务:
开始监控定时任务:
开始监控定时任务:
开始监控定时任务:
开始监控定时任务:
开始监控定时任务:
开始监控定时任务:
开始监控定时任务:
开始监控定时任务:
开始监控定时任务:
开始监控定时任务:
开始监控定时任务:
开始监控定时任务:
开始监控定时任务:
开始监控定时任务:
开始监控定时任务:
