---------------------------------------------------------------

[2022-01-05T15:09:51+08:00] 192.168.179.1 POST manage.robot.com/index/index/index
[ sql ] [ DB ] CONNECT:[ UseTime:0.000706s ] mysql:host=localhost;port=3306;dbname=manage_robot;charset=utf8mb4
[ sql ] [ SQL ] SHOW COLUMNS FROM `xy_script` [ RunTime:0.000968s ]
[ sql ] [ SQL ] SELECT `script` FROM `xy_script` WHERE  `id` = 1 LIMIT 1 [ RunTime:0.000440s ]
[ sql ] [ DB ] CONNECT:[ UseTime:0.000557s ] mysql:host=localhost;port=3306;dbname=manage_robot;charset=utf8mb4
[ sql ] [ SQL ] SHOW COLUMNS FROM `xy_reply_robot` [ RunTime:0.000957s ]
[ sql ] [ SQL ] SELECT `replys` FROM `xy_reply_robot` WHERE  `robot_wxid` = 'wxid_rqn31uwmjug922' LIMIT 1 [ RunTime:0.000469s ]
[ sql ] [ DB ] CONNECT:[ UseTime:0.001579s ] mysql:host=localhost;port=3306;dbname=manage_robot;charset=utf8mb4
[ sql ] [ SQL ] SHOW COLUMNS FROM `xy_reply` [ RunTime:0.001021s ]
[ sql ] [ SQL ] SELECT `answer` FROM `xy_reply` WHERE  `cache_name` = 'robot_keyword_123_wxid_rqn31uwmjug922' LIMIT 1 [ RunTime:0.000544s ]
---------------------------------------------------------------

[2022-01-05T15:09:51+08:00] 192.168.179.1 POST manage.robot.com/index/index/index
[ sql ] [ DB ] CONNECT:[ UseTime:0.000677s ] mysql:host=localhost;port=3306;dbname=manage_robot;charset=utf8mb4
[ sql ] [ SQL ] SHOW COLUMNS FROM `xy_script` [ RunTime:0.000896s ]
[ sql ] [ SQL ] SELECT `script` FROM `xy_script` WHERE  `id` = 1 LIMIT 1 [ RunTime:0.000415s ]
---------------------------------------------------------------

[2022-01-05T15:10:00+08:00] 192.168.179.1 POST manage.robot.com/index/index/index
[ sql ] [ DB ] CONNECT:[ UseTime:0.000594s ] mysql:host=localhost;port=3306;dbname=manage_robot;charset=utf8mb4
[ sql ] [ SQL ] SHOW COLUMNS FROM `xy_script` [ RunTime:0.001153s ]
[ sql ] [ SQL ] SELECT `script` FROM `xy_script` WHERE  `id` = 1 LIMIT 1 [ RunTime:0.000440s ]
[ sql ] [ DB ] CONNECT:[ UseTime:0.000689s ] mysql:host=localhost;port=3306;dbname=manage_robot;charset=utf8mb4
[ sql ] [ SQL ] SHOW COLUMNS FROM `xy_reply` [ RunTime:0.001079s ]
[ sql ] [ SQL ] SELECT `answer` FROM `xy_reply` WHERE  `cache_name` = 'robot_keyword_redis_wxid_rqn31uwmjug922' LIMIT 1 [ RunTime:0.000495s ]
---------------------------------------------------------------

[2022-01-05T15:10:01+08:00] 192.168.179.1 POST manage.robot.com/index/index/index
[ sql ] [ DB ] CONNECT:[ UseTime:0.000580s ] mysql:host=localhost;port=3306;dbname=manage_robot;charset=utf8mb4
[ sql ] [ SQL ] SHOW COLUMNS FROM `xy_script` [ RunTime:0.001045s ]
[ sql ] [ SQL ] SELECT `script` FROM `xy_script` WHERE  `id` = 1 LIMIT 1 [ RunTime:0.000464s ]
---------------------------------------------------------------

[2022-01-05T15:11:57+08:00] 192.168.179.1 GET manage.robot.com/index/index/test
[ sql ] [ DB ] CONNECT:[ UseTime:0.000679s ] mysql:host=localhost;port=3306;dbname=manage_robot;charset=utf8mb4
[ sql ] [ SQL ] SHOW COLUMNS FROM `xy_script` [ RunTime:0.001010s ]
[ sql ] [ SQL ] SELECT `script` FROM `xy_script` WHERE  `id` = 1 LIMIT 1 [ RunTime:0.000394s ]
---------------------------------------------------------------

[2022-01-05T15:11:58+08:00] 192.168.179.1 GET manage.robot.com/index/index/test
[ sql ] [ DB ] CONNECT:[ UseTime:0.000615s ] mysql:host=localhost;port=3306;dbname=manage_robot;charset=utf8mb4
[ sql ] [ SQL ] SHOW COLUMNS FROM `xy_script` [ RunTime:0.000871s ]
[ sql ] [ SQL ] SELECT `script` FROM `xy_script` WHERE  `id` = 1 LIMIT 1 [ RunTime:0.000392s ]
---------------------------------------------------------------

[2022-01-05T15:12:27+08:00] 192.168.179.1 POST manage.robot.com/index/index/index
[ sql ] [ DB ] CONNECT:[ UseTime:0.000595s ] mysql:host=localhost;port=3306;dbname=manage_robot;charset=utf8mb4
[ sql ] [ SQL ] SHOW COLUMNS FROM `xy_script` [ RunTime:0.001047s ]
[ sql ] [ SQL ] SELECT `script` FROM `xy_script` WHERE  `id` = 1 LIMIT 1 [ RunTime:0.000423s ]
[ sql ] [ DB ] CONNECT:[ UseTime:0.000723s ] mysql:host=localhost;port=3306;dbname=manage_robot;charset=utf8mb4
[ sql ] [ SQL ] SHOW COLUMNS FROM `xy_serviced_for_group` [ RunTime:0.001342s ]
[ sql ] [ SQL ] SELECT `group_wxid` FROM `xy_serviced_for_group` WHERE  `robot_wxid` = 'wxid_rqn31uwmjug922' LIMIT 1 [ RunTime:0.000456s ]
---------------------------------------------------------------

[2022-01-05T15:12:59+08:00] 192.168.179.1 POST manage.robot.com/index/index/index
[ sql ] [ DB ] CONNECT:[ UseTime:0.001430s ] mysql:host=localhost;port=3306;dbname=manage_robot;charset=utf8mb4
[ sql ] [ SQL ] SHOW COLUMNS FROM `xy_script` [ RunTime:0.000929s ]
[ sql ] [ SQL ] SELECT `script` FROM `xy_script` WHERE  `id` = 1 LIMIT 1 [ RunTime:0.000635s ]
