00:07:27 [店铺web签到] [info] [0] 783960F2EDAEE981C09AFE8EC1011433: errCode:402, errMessage:当前不存在有效的活动!
00:07:27 [店铺web签到] [info] [0] 698CD9D9291844FA0A6E4C385F8DC279: 已经签到
00:07:27 [店铺web签到] [info] [0] 4180C534C919E6287CBD05E10F6F12B4: errCode:402, errMessage:当前不存在有效的活动!
00:07:28 [店铺web签到] [info] [0] C75E49919785F22EF1E9F667FE2D6A40: errCode:402, errMessage:当前不存在有效的活动!
00:07:28 [店铺web签到] [info] [0] 783960F2EDAEE981C09AFE8EC1011433: errCode:402, errMessage:当前不存在有效的活动!
00:07:28 [店铺web签到] [info] [0] 28AABCB3B08D6DF9BB03788D53E84C2B: 已经签到
00:07:29 [店铺web签到] [info] [0] BF1E1B7C2178C631D7D9B9D1AD878234: 已经签到
00:07:30 [店铺web签到] [info] [0] D71848E997002DC4F23CA79DB33BF16B: 已经签到
00:07:30 [店铺web签到] [info] [0] 2E6D2F27909525771B870244BAA761A8: errCode:402, errMessage:当前不存在有效的活动!
00:07:30 [店铺web签到] [info] [0] 919668EC150DA77B8D430885243251F4: errCode:402, errMessage:当前不存在有效的活动!
00:07:31 [店铺web签到] [info] [0] DF08AC29F911C1503065A2D89BD5A86A: 已经签到
00:07:31 [店铺web签到] [info] [0] 33711E18F790A9451F2C8641B4BF4E56: 已经签到
00:07:31 [店铺web签到] [info] [0] ED55B3E6C274C9A6507EBD95A79DE91B: errCode:402, errMessage:当前不存在有效的活动!
00:07:31 [店铺web签到] [info] [0] ED55B3E6C274C9A6507EBD95A79DE91B: errCode:402, errMessage:当前不存在有效的活动!
00:07:32 [店铺web签到] [info] [0] 28AABCB3B08D6DF9BB03788D53E84C2B: 已经签到
00:07:34 [店铺web签到] [info] [0] 33711E18F790A9451F2C8641B4BF4E56: 已经签到
00:07:35 [店铺web签到] [info] [0] 4180C534C919E6287CBD05E10F6F12B4: errCode:402, errMessage:当前不存在有效的活动!
00:07:36 [店铺web签到] [info] [0] 28228D1B5414046523D6E67DFC5B9E72: 已经签到
00:07:36 [店铺web签到] [info] [0] 919668EC150DA77B8D430885243251F4: errCode:402, errMessage:当前不存在有效的活动!
00:07:37 [店铺web签到] [info] [0] D71848E997002DC4F23CA79DB33BF16B: 已经签到
00:07:38 [店铺web签到] [info] [0] BF1E1B7C2178C631D7D9B9D1AD878234: 已经签到
00:07:38 [店铺web签到] [info] [0] CAA4ABA5536E93A3CE96615710DF55C4: 已经签到
00:07:42 [店铺web签到] [info] [0] D0AD720BE08231838A03965EA510C73C: 已经签到
00:07:45 [店铺web签到] [info] [0] 2E6D2F27909525771B870244BAA761A8: errCode:402, errMessage:当前不存在有效的活动!
00:07:45 [店铺web签到] [info] [0] CAA4ABA5536E93A3CE96615710DF55C4: 已经签到
00:07:46 [店铺web签到] [info] [0] 698CD9D9291844FA0A6E4C385F8DC279: 已经签到
00:07:47 [店铺web签到] [info] [0] CECDE29DEBDBE9646D3401DF1485363E: 已经签到
00:07:49 [店铺web签到] [info] [0] 7915D3D314BD2C2F4DA3E6483086D241: 已经签到
00:07:53 [店铺web签到] [info] [0] D0AD720BE08231838A03965EA510C73C: 已经签到
00:08:01 [店铺web签到] [info] [0] 7915D3D314BD2C2F4DA3E6483086D241: 已经签到
00:08:03 [店铺web签到] [info] [0] C75E49919785F22EF1E9F667FE2D6A40: errCode:402, errMessage:当前不存在有效的活动!
00:08:04 [店铺web签到] [info] [0] 28228D1B5414046523D6E67DFC5B9E72: 已经签到
00:08:35 [店铺web签到] [info] [0] DF08AC29F911C1503065A2D89BD5A86A: 已经签到
00:10:36 [店铺web签到] [info] [1] CECDE29DEBDBE9646D3401DF1485363E: 已经签到
