2021-12-28 02:24:38,497 [信息] 
2021-12-28 02:24:38,498 [信息] 
2021-12-28 02:24:38,498 [信息] 
2021-12-28 02:24:38,498 [信息] 
2021-12-28 02:24:38,498 [信息] ===============================================================
2021-12-28 02:24:38,498 [信息] =  [E2EE免费版] 1.8.9 
2021-12-28 02:24:38,498 [信息] =    绑定IP: *
2021-12-28 02:24:38,498 [信息] =    绑定端口: 8073
2021-12-28 02:24:38,498 [信息] ===============================================================
2021-12-28 02:24:38,499 [信息] [服务器] 初始化
2021-12-28 02:24:38,499 [信息] [Session系统] 正在初始化Session系统
2021-12-28 02:24:38,499 [信息] [Session系统] 初始化内存文件存储系统：[内存最大尺寸] 无限制
2021-12-28 02:24:38,499 [信息] [Session系统] 开始从磁盘加载本地Session：[目录] C:/Users/Administrator/Desktop/可爱猫5.1.7（密码169）/app/https.cat/http/临时/sessions/
2021-12-28 02:24:38,499 [信息] [Session系统] 创建Session目录
2021-12-28 02:24:38,500 [信息] [Session系统] 无法创建Session目录!Session系统将不能做持久化存储
2021-12-28 02:24:38,500 [信息] [Session系统] Session系统初始化完成
2021-12-28 02:24:38,500 [信息] [网站防火墙] 未开启防火墙
2021-12-28 02:24:38,500 [信息] [验证器] 无默认验证器配置文件
2021-12-28 02:24:38,500 [信息] [模板] [状态模板] 加载状态(404)模板: 404.html
2021-12-28 02:24:38,500 [信息] [动态模块] 开始加载动态模块
2021-12-28 02:24:38,501 [信息] [动态模块] 完成加载(无配置文件 - [模块]/模块映射.json)
2021-12-28 02:24:38,501 [信息] [模块] 开始加载下级模块
2021-12-28 02:24:38,501 [信息] [模块] 完成下级模块加载
2021-12-28 02:24:38,501 [信息] [远程服务] 开始初始化
2021-12-28 02:24:38,501 [信息] [远程服务] 初始化完成
2021-12-28 02:24:38,501 [信息] [WebService] 未启用
2021-12-28 02:24:38,501 [信息] [模板函数] 同步模板函数
2021-12-28 02:24:38,502 [信息] [模板函数] 函数同步完成
2021-12-28 02:24:38,502 [信息] [模块] 开始加载视图
2021-12-28 02:24:38,502 [信息] [视图] /send
2021-12-28 02:24:38,502 [信息] [模块] 完成视图加载
2021-12-28 02:24:38,502 [信息] [缓存] 加载动态模板页缓存
2021-12-28 02:24:38,502 [信息] [缓存] 无动态模板页缓存设置
2021-12-28 02:24:38,502 [信息] [缓存][动态缓存] 缓存文件不存在
2021-12-28 02:24:38,502 [信息] C:/Users/Administrator/Desktop/可爱猫5.1.7（密码169）/app/https.cat/http/配置/缓存设置.json
2021-12-28 02:24:38,503 [信息] [缓存] 加载服务器静态缓存设置 [时间] 3秒 [尺寸]131072
2021-12-28 02:24:38,503 [信息] [缓存] 静态缓存初始化成功
2021-12-28 02:24:38,503 [信息] [缓存] 加载服务器缓存动态设置
2021-12-28 02:24:38,503 [信息] [模块] 执行模块初始化函数
2021-12-28 02:24:38,503 [信息] [服务器] 正在初始化请求资源
2021-12-28 02:24:38,503 [信息] [服务器] 正在绑定地址端口
2021-12-28 02:24:38,503 [信息] [服务器] 开始监听端口内容
2021-12-28 02:24:38,504 [信息] [服务器] 开始接收用户连接
2021-12-28 02:24:38,504 [信息] [服务器] 服务器启动成功
2021-12-28 02:24:38,504 [信息]     [连接数] 20
2021-12-28 02:24:38,504 [信息]     [线程数] 2 - 企业版可通过【E2EE控制中心】配置线程数
2021-12-28 02:24:38,504 [信息]     [模板数] 40
2021-12-28 02:37:28,333 [信息] 
2021-12-28 02:37:28,333 [信息] 
2021-12-28 02:37:28,333 [信息] 
2021-12-28 02:37:28,333 [信息] 
2021-12-28 02:37:28,333 [信息] ===============================================================
2021-12-28 02:37:28,334 [信息] =  [E2EE免费版] 1.8.9 
2021-12-28 02:37:28,334 [信息] =    绑定IP: *
2021-12-28 02:37:28,334 [信息] =    绑定端口: 8073
2021-12-28 02:37:28,334 [信息] ===============================================================
2021-12-28 02:37:28,334 [信息] [服务器] 初始化
2021-12-28 02:37:28,334 [信息] [Session系统] 正在初始化Session系统
2021-12-28 02:37:28,334 [信息] [Session系统] 初始化内存文件存储系统：[内存最大尺寸] 无限制
2021-12-28 02:37:28,334 [信息] [Session系统] 开始从磁盘加载本地Session：[目录] C:/Users/Administrator/Desktop/可爱猫5.1.7（密码169）/app/https.cat/http/临时/sessions/
2021-12-28 02:37:28,335 [信息] [Session系统] 创建Session目录
2021-12-28 02:37:28,335 [信息] [Session系统] 无法创建Session目录!Session系统将不能做持久化存储
2021-12-28 02:37:28,335 [信息] [Session系统] Session系统初始化完成
2021-12-28 02:37:28,335 [信息] [网站防火墙] 未开启防火墙
2021-12-28 02:37:28,335 [信息] [验证器] 无默认验证器配置文件
2021-12-28 02:37:28,335 [信息] [模板] [状态模板] 加载状态(404)模板: 404.html
2021-12-28 02:37:28,335 [信息] [动态模块] 开始加载动态模块
2021-12-28 02:37:28,336 [信息] [动态模块] 完成加载(无配置文件 - [模块]/模块映射.json)
2021-12-28 02:37:28,336 [信息] [模块] 开始加载下级模块
2021-12-28 02:37:28,336 [信息] [模块] 完成下级模块加载
2021-12-28 02:37:28,336 [信息] [远程服务] 开始初始化
2021-12-28 02:37:28,336 [信息] [远程服务] 初始化完成
2021-12-28 02:37:28,336 [信息] [WebService] 未启用
2021-12-28 02:37:28,336 [信息] [模板函数] 同步模板函数
2021-12-28 02:37:28,337 [信息] [模板函数] 函数同步完成
2021-12-28 02:37:28,337 [信息] [模块] 开始加载视图
2021-12-28 02:37:28,337 [信息] [视图] /send
2021-12-28 02:37:28,337 [信息] [模块] 完成视图加载
2021-12-28 02:37:28,337 [信息] [缓存] 加载动态模板页缓存
2021-12-28 02:37:28,337 [信息] [缓存] 无动态模板页缓存设置
2021-12-28 02:37:28,338 [信息] [缓存][动态缓存] 缓存文件不存在
2021-12-28 02:37:28,338 [信息] C:/Users/Administrator/Desktop/可爱猫5.1.7（密码169）/app/https.cat/http/配置/缓存设置.json
2021-12-28 02:37:28,339 [信息] [缓存] 加载服务器静态缓存设置 [时间] 3秒 [尺寸]131072
2021-12-28 02:37:28,339 [信息] [缓存] 静态缓存初始化成功
2021-12-28 02:37:28,339 [信息] [缓存] 加载服务器缓存动态设置
2021-12-28 02:37:28,339 [信息] [模块] 执行模块初始化函数
2021-12-28 02:37:28,339 [信息] [服务器] 正在初始化请求资源
2021-12-28 02:37:28,339 [信息] [服务器] 正在绑定地址端口
2021-12-28 02:37:28,339 [信息] [服务器] 开始监听端口内容
2021-12-28 02:37:28,339 [信息] [服务器] 开始接收用户连接
2021-12-28 02:37:28,340 [信息] [服务器] 服务器启动成功
2021-12-28 02:37:28,340 [信息]     [连接数] 20
2021-12-28 02:37:28,340 [信息]     [线程数] 2 - 企业版可通过【E2EE控制中心】配置线程数
2021-12-28 02:37:28,340 [信息]     [模板数] 40
2021-12-28 02:39:13,422 [信息] 
2021-12-28 02:39:13,423 [信息] 
2021-12-28 02:39:13,423 [信息] 
2021-12-28 02:39:13,423 [信息] 
2021-12-28 02:39:13,423 [信息] ===============================================================
2021-12-28 02:39:13,423 [信息] =  [E2EE免费版] 1.8.9 
2021-12-28 02:39:13,423 [信息] =    绑定IP: *
2021-12-28 02:39:13,423 [信息] =    绑定端口: 8073
2021-12-28 02:39:13,423 [信息] ===============================================================
2021-12-28 02:39:13,423 [信息] [服务器] 初始化
2021-12-28 02:39:13,423 [信息] [Session系统] 正在初始化Session系统
2021-12-28 02:39:13,423 [信息] [Session系统] 初始化内存文件存储系统：[内存最大尺寸] 无限制
2021-12-28 02:39:13,424 [信息] [Session系统] 开始从磁盘加载本地Session：[目录] C:/Users/Administrator/Desktop/可爱猫5.1.7（密码169）/app/https.cat/http/临时/sessions/
2021-12-28 02:39:13,424 [信息] [Session系统] 创建Session目录
2021-12-28 02:39:13,424 [信息] [Session系统] 无法创建Session目录!Session系统将不能做持久化存储
2021-12-28 02:39:13,424 [信息] [Session系统] Session系统初始化完成
2021-12-28 02:39:13,424 [信息] [网站防火墙] 未开启防火墙
2021-12-28 02:39:13,424 [信息] [验证器] 无默认验证器配置文件
2021-12-28 02:39:13,425 [信息] [模板] [状态模板] 加载状态(404)模板: 404.html
2021-12-28 02:39:13,425 [信息] [动态模块] 开始加载动态模块
2021-12-28 02:39:13,425 [信息] [动态模块] 完成加载(无配置文件 - [模块]/模块映射.json)
2021-12-28 02:39:13,425 [信息] [模块] 开始加载下级模块
2021-12-28 02:39:13,425 [信息] [模块] 完成下级模块加载
2021-12-28 02:39:13,425 [信息] [远程服务] 开始初始化
2021-12-28 02:39:13,425 [信息] [远程服务] 初始化完成
2021-12-28 02:39:13,425 [信息] [WebService] 未启用
2021-12-28 02:39:13,426 [信息] [模板函数] 同步模板函数
2021-12-28 02:39:13,426 [信息] [模板函数] 函数同步完成
2021-12-28 02:39:13,426 [信息] [模块] 开始加载视图
2021-12-28 02:39:13,426 [信息] [视图] /send
2021-12-28 02:39:13,426 [信息] [模块] 完成视图加载
2021-12-28 02:39:13,426 [信息] [缓存] 加载动态模板页缓存
2021-12-28 02:39:13,426 [信息] [缓存] 无动态模板页缓存设置
2021-12-28 02:39:13,427 [信息] [缓存][动态缓存] 缓存文件不存在
2021-12-28 02:39:13,427 [信息] C:/Users/Administrator/Desktop/可爱猫5.1.7（密码169）/app/https.cat/http/配置/缓存设置.json
2021-12-28 02:39:13,427 [信息] [缓存] 加载服务器静态缓存设置 [时间] 3秒 [尺寸]131072
2021-12-28 02:39:13,427 [信息] [缓存] 静态缓存初始化成功
2021-12-28 02:39:13,427 [信息] [缓存] 加载服务器缓存动态设置
2021-12-28 02:39:13,427 [信息] [模块] 执行模块初始化函数
2021-12-28 02:39:13,427 [信息] [服务器] 正在初始化请求资源
2021-12-28 02:39:13,427 [信息] [服务器] 正在绑定地址端口
2021-12-28 02:39:13,428 [信息] [服务器] 开始监听端口内容
2021-12-28 02:39:13,428 [信息] [服务器] 开始接收用户连接
2021-12-28 02:39:13,428 [信息] [服务器] 服务器启动成功
2021-12-28 02:39:13,428 [信息]     [连接数] 20
2021-12-28 02:39:13,428 [信息]     [线程数] 2 - 企业版可通过【E2EE控制中心】配置线程数
2021-12-28 02:39:13,428 [信息]     [模板数] 40
2021-12-28 02:42:09,426 [信息] 
2021-12-28 02:42:09,426 [信息] 
2021-12-28 02:42:09,426 [信息] 
2021-12-28 02:42:09,426 [信息] 
2021-12-28 02:42:09,426 [信息] ===============================================================
2021-12-28 02:42:09,426 [信息] =  [E2EE免费版] 1.8.9 
2021-12-28 02:42:09,426 [信息] =    绑定IP: *
2021-12-28 02:42:09,427 [信息] =    绑定端口: 8073
2021-12-28 02:42:09,427 [信息] ===============================================================
2021-12-28 02:42:09,427 [信息] [服务器] 初始化
2021-12-28 02:42:09,427 [信息] [Session系统] 正在初始化Session系统
2021-12-28 02:42:09,427 [信息] [Session系统] 初始化内存文件存储系统：[内存最大尺寸] 无限制
2021-12-28 02:42:09,428 [信息] [Session系统] 开始从磁盘加载本地Session：[目录] C:/Users/ADMINI~1/Desktop/可爱猫~1.7（/app/https.cat/http/临时/sessions/
2021-12-28 02:42:09,428 [信息] [Session系统] 创建Session目录
2021-12-28 02:42:09,428 [信息] [Session系统] 无法创建Session目录!Session系统将不能做持久化存储
2021-12-28 02:42:09,428 [信息] [Session系统] Session系统初始化完成
2021-12-28 02:42:09,428 [信息] [网站防火墙] 未开启防火墙
2021-12-28 02:42:09,429 [信息] [验证器] 无默认验证器配置文件
2021-12-28 02:42:09,429 [信息] [模板] [状态模板] 加载状态(404)模板: 404.html
2021-12-28 02:42:09,429 [信息] [动态模块] 开始加载动态模块
2021-12-28 02:42:09,429 [信息] [动态模块] 完成加载(无配置文件 - [模块]/模块映射.json)
2021-12-28 02:42:09,430 [信息] [模块] 开始加载下级模块
2021-12-28 02:42:09,430 [信息] [模块] 完成下级模块加载
2021-12-28 02:42:09,430 [信息] [远程服务] 开始初始化
2021-12-28 02:42:09,430 [信息] [远程服务] 初始化完成
2021-12-28 02:42:09,430 [信息] [WebService] 未启用
2021-12-28 02:42:09,430 [信息] [模板函数] 同步模板函数
2021-12-28 02:42:09,430 [信息] [模板函数] 函数同步完成
2021-12-28 02:42:09,430 [信息] [模块] 开始加载视图
2021-12-28 02:42:09,431 [信息] [视图] /send
2021-12-28 02:42:09,431 [信息] [模块] 完成视图加载
2021-12-28 02:42:09,431 [信息] [缓存] 加载动态模板页缓存
2021-12-28 02:42:09,431 [信息] [缓存] 无动态模板页缓存设置
2021-12-28 02:42:09,431 [信息] [缓存][动态缓存] 缓存文件不存在
2021-12-28 02:42:09,431 [信息] C:/Users/ADMINI~1/Desktop/可爱猫~1.7（/app/https.cat/http/配置/缓存设置.json
2021-12-28 02:42:09,431 [信息] [缓存] 加载服务器静态缓存设置 [时间] 3秒 [尺寸]131072
2021-12-28 02:42:09,432 [信息] [缓存] 静态缓存初始化成功
2021-12-28 02:42:09,432 [信息] [缓存] 加载服务器缓存动态设置
2021-12-28 02:42:09,432 [信息] [模块] 执行模块初始化函数
2021-12-28 02:42:09,432 [信息] [服务器] 正在初始化请求资源
2021-12-28 02:42:09,432 [信息] [服务器] 正在绑定地址端口
2021-12-28 02:42:09,432 [信息] [服务器] 开始监听端口内容
2021-12-28 02:42:09,432 [信息] [服务器] 开始接收用户连接
2021-12-28 02:42:09,432 [信息] [服务器] 服务器启动成功
2021-12-28 02:42:09,433 [信息]     [连接数] 20
2021-12-28 02:42:09,433 [信息]     [线程数] 2 - 企业版可通过【E2EE控制中心】配置线程数
2021-12-28 02:42:09,433 [信息]     [模板数] 40
2021-12-28 02:43:40,252 [信息] 
2021-12-28 02:43:40,253 [信息] 
2021-12-28 02:43:40,253 [信息] 
2021-12-28 02:43:40,253 [信息] 
2021-12-28 02:43:40,253 [信息] ===============================================================
2021-12-28 02:43:40,253 [信息] =  [E2EE免费版] 1.8.9 
2021-12-28 02:43:40,253 [信息] =    绑定IP: *
2021-12-28 02:43:40,253 [信息] =    绑定端口: 8073
2021-12-28 02:43:40,253 [信息] ===============================================================
2021-12-28 02:43:40,254 [信息] [服务器] 初始化
2021-12-28 02:43:40,254 [信息] [Session系统] 正在初始化Session系统
2021-12-28 02:43:40,254 [信息] [Session系统] 初始化内存文件存储系统：[内存最大尺寸] 无限制
2021-12-28 02:43:40,254 [信息] [Session系统] 开始从磁盘加载本地Session：[目录] C:/Users/Administrator/Desktop/可爱猫5.1.7（密码169）/app/https.cat/http/临时/sessions/
2021-12-28 02:43:40,254 [信息] [Session系统] 创建Session目录
2021-12-28 02:43:40,254 [信息] [Session系统] 无法创建Session目录!Session系统将不能做持久化存储
2021-12-28 02:43:40,255 [信息] [Session系统] Session系统初始化完成
2021-12-28 02:43:40,255 [信息] [网站防火墙] 未开启防火墙
2021-12-28 02:43:40,255 [信息] [验证器] 无默认验证器配置文件
2021-12-28 02:43:40,255 [信息] [模板] [状态模板] 加载状态(404)模板: 404.html
2021-12-28 02:43:40,255 [信息] [动态模块] 开始加载动态模块
2021-12-28 02:43:40,256 [信息] [动态模块] 完成加载(无配置文件 - [模块]/模块映射.json)
2021-12-28 02:43:40,256 [信息] [模块] 开始加载下级模块
2021-12-28 02:43:40,256 [信息] [模块] 完成下级模块加载
2021-12-28 02:43:40,256 [信息] [远程服务] 开始初始化
2021-12-28 02:43:40,256 [信息] [远程服务] 初始化完成
2021-12-28 02:43:40,257 [信息] [WebService] 未启用
2021-12-28 02:43:40,257 [信息] [模板函数] 同步模板函数
2021-12-28 02:43:40,257 [信息] [模板函数] 函数同步完成
2021-12-28 02:43:40,257 [信息] [模块] 开始加载视图
2021-12-28 02:43:40,257 [信息] [视图] /send
2021-12-28 02:43:40,257 [信息] [模块] 完成视图加载
2021-12-28 02:43:40,257 [信息] [缓存] 加载动态模板页缓存
2021-12-28 02:43:40,257 [信息] [缓存] 无动态模板页缓存设置
2021-12-28 02:43:40,258 [信息] [缓存][动态缓存] 缓存文件不存在
2021-12-28 02:43:40,258 [信息] C:/Users/Administrator/Desktop/可爱猫5.1.7（密码169）/app/https.cat/http/配置/缓存设置.json
2021-12-28 02:43:40,259 [信息] [缓存] 加载服务器静态缓存设置 [时间] 3秒 [尺寸]131072
2021-12-28 02:43:40,259 [信息] [缓存] 静态缓存初始化成功
2021-12-28 02:43:40,259 [信息] [缓存] 加载服务器缓存动态设置
2021-12-28 02:43:40,259 [信息] [模块] 执行模块初始化函数
2021-12-28 02:43:40,259 [信息] [服务器] 正在初始化请求资源
2021-12-28 02:43:40,259 [信息] [服务器] 正在绑定地址端口
2021-12-28 02:43:40,260 [信息] [服务器] 开始监听端口内容
2021-12-28 02:43:40,260 [信息] [服务器] 开始接收用户连接
2021-12-28 02:43:40,260 [信息] [服务器] 服务器启动成功
2021-12-28 02:43:40,260 [信息]     [连接数] 20
2021-12-28 02:43:40,260 [信息]     [线程数] 2 - 企业版可通过【E2EE控制中心】配置线程数
2021-12-28 02:43:40,260 [信息]     [模板数] 40
2021-12-28 02:53:11,886 [信息] 
2021-12-28 02:53:11,886 [信息] 
2021-12-28 02:53:11,886 [信息] 
2021-12-28 02:53:11,886 [信息] 
2021-12-28 02:53:11,886 [信息] ===============================================================
2021-12-28 02:53:11,887 [信息] =  [E2EE免费版] 1.8.9 
2021-12-28 02:53:11,887 [信息] =    绑定IP: *
2021-12-28 02:53:11,887 [信息] =    绑定端口: 8073
2021-12-28 02:53:11,887 [信息] ===============================================================
2021-12-28 02:53:11,887 [信息] [服务器] 初始化
2021-12-28 02:53:11,887 [信息] [Session系统] 正在初始化Session系统
2021-12-28 02:53:11,887 [信息] [Session系统] 初始化内存文件存储系统：[内存最大尺寸] 无限制
2021-12-28 02:53:11,888 [信息] [Session系统] 开始从磁盘加载本地Session：[目录] C:/Users/Administrator/Desktop/可爱猫5.1.7（密码169）/app/https.cat/http/临时/sessions/
2021-12-28 02:53:11,888 [信息] [Session系统] 创建Session目录
2021-12-28 02:53:11,888 [信息] [Session系统] 无法创建Session目录!Session系统将不能做持久化存储
2021-12-28 02:53:11,888 [信息] [Session系统] Session系统初始化完成
2021-12-28 02:53:11,888 [信息] [网站防火墙] 未开启防火墙
2021-12-28 02:53:11,889 [信息] [验证器] 无默认验证器配置文件
2021-12-28 02:53:11,889 [信息] [模板] [状态模板] 加载状态(404)模板: 404.html
2021-12-28 02:53:11,889 [信息] [动态模块] 开始加载动态模块
2021-12-28 02:53:11,890 [信息] [动态模块] 完成加载(无配置文件 - [模块]/模块映射.json)
2021-12-28 02:53:11,890 [信息] [模块] 开始加载下级模块
2021-12-28 02:53:11,890 [信息] [模块] 完成下级模块加载
2021-12-28 02:53:11,890 [信息] [远程服务] 开始初始化
2021-12-28 02:53:11,891 [信息] [远程服务] 初始化完成
2021-12-28 02:53:11,891 [信息] [WebService] 未启用
2021-12-28 02:53:11,891 [信息] [模板函数] 同步模板函数
2021-12-28 02:53:11,891 [信息] [模板函数] 函数同步完成
2021-12-28 02:53:11,891 [信息] [模块] 开始加载视图
2021-12-28 02:53:11,891 [信息] [视图] /send
2021-12-28 02:53:11,891 [信息] [模块] 完成视图加载
2021-12-28 02:53:11,892 [信息] [缓存] 加载动态模板页缓存
2021-12-28 02:53:11,892 [信息] [缓存] 无动态模板页缓存设置
2021-12-28 02:53:11,892 [信息] [缓存][动态缓存] 缓存文件不存在
2021-12-28 02:53:11,893 [信息] C:/Users/Administrator/Desktop/可爱猫5.1.7（密码169）/app/https.cat/http/配置/缓存设置.json
2021-12-28 02:53:11,893 [信息] [缓存] 加载服务器静态缓存设置 [时间] 3秒 [尺寸]131072
2021-12-28 02:53:11,893 [信息] [缓存] 静态缓存初始化成功
2021-12-28 02:53:11,893 [信息] [缓存] 加载服务器缓存动态设置
2021-12-28 02:53:11,893 [信息] [模块] 执行模块初始化函数
2021-12-28 02:53:11,894 [信息] [服务器] 正在初始化请求资源
2021-12-28 02:53:11,894 [信息] [服务器] 正在绑定地址端口
2021-12-28 02:53:11,894 [信息] [服务器] 开始监听端口内容
2021-12-28 02:53:11,894 [信息] [服务器] 开始接收用户连接
2021-12-28 02:53:11,894 [信息] [服务器] 服务器启动成功
2021-12-28 02:53:11,895 [信息]     [连接数] 20
2021-12-28 02:53:11,895 [信息]     [线程数] 2 - 企业版可通过【E2EE控制中心】配置线程数
2021-12-28 02:53:11,895 [信息]     [模板数] 40
2021-12-28 03:03:58,239 [信息] 
2021-12-28 03:03:58,240 [信息] 
2021-12-28 03:03:58,240 [信息] 
2021-12-28 03:03:58,240 [信息] 
2021-12-28 03:03:58,240 [信息] ===============================================================
2021-12-28 03:03:58,240 [信息] =  [E2EE免费版] 1.8.9 
2021-12-28 03:03:58,240 [信息] =    绑定IP: *
2021-12-28 03:03:58,240 [信息] =    绑定端口: 8073
2021-12-28 03:03:58,241 [信息] ===============================================================
2021-12-28 03:03:58,241 [信息] [服务器] 初始化
2021-12-28 03:03:58,241 [信息] [Session系统] 正在初始化Session系统
2021-12-28 03:03:58,241 [信息] [Session系统] 初始化内存文件存储系统：[内存最大尺寸] 无限制
2021-12-28 03:03:58,241 [信息] [Session系统] 开始从磁盘加载本地Session：[目录] C:/Users/Administrator/Desktop/可爱猫5.1.7（密码169）/app/https.cat/http/临时/sessions/
2021-12-28 03:03:58,241 [信息] [Session系统] 创建Session目录
2021-12-28 03:03:58,241 [信息] [Session系统] 无法创建Session目录!Session系统将不能做持久化存储
2021-12-28 03:03:58,241 [信息] [Session系统] Session系统初始化完成
2021-12-28 03:03:58,242 [信息] [网站防火墙] 未开启防火墙
2021-12-28 03:03:58,242 [信息] [验证器] 无默认验证器配置文件
2021-12-28 03:03:58,242 [信息] [模板] [状态模板] 加载状态(404)模板: 404.html
2021-12-28 03:03:58,242 [信息] [动态模块] 开始加载动态模块
2021-12-28 03:03:58,242 [信息] [动态模块] 完成加载(无配置文件 - [模块]/模块映射.json)
2021-12-28 03:03:58,243 [信息] [模块] 开始加载下级模块
2021-12-28 03:03:58,243 [信息] [模块] 完成下级模块加载
2021-12-28 03:03:58,243 [信息] [远程服务] 开始初始化
2021-12-28 03:03:58,243 [信息] [远程服务] 初始化完成
2021-12-28 03:03:58,243 [信息] [WebService] 未启用
2021-12-28 03:03:58,244 [信息] [模板函数] 同步模板函数
2021-12-28 03:03:58,244 [信息] [模板函数] 函数同步完成
2021-12-28 03:03:58,244 [信息] [模块] 开始加载视图
2021-12-28 03:03:58,244 [信息] [视图] /send
2021-12-28 03:03:58,244 [信息] [模块] 完成视图加载
2021-12-28 03:03:58,244 [信息] [缓存] 加载动态模板页缓存
2021-12-28 03:03:58,245 [信息] [缓存] 无动态模板页缓存设置
2021-12-28 03:03:58,245 [信息] [缓存][动态缓存] 缓存文件不存在
2021-12-28 03:03:58,245 [信息] C:/Users/Administrator/Desktop/可爱猫5.1.7（密码169）/app/https.cat/http/配置/缓存设置.json
2021-12-28 03:03:58,245 [信息] [缓存] 加载服务器静态缓存设置 [时间] 3秒 [尺寸]131072
2021-12-28 03:03:58,245 [信息] [缓存] 静态缓存初始化成功
2021-12-28 03:03:58,245 [信息] [缓存] 加载服务器缓存动态设置
2021-12-28 03:03:58,245 [信息] [模块] 执行模块初始化函数
2021-12-28 03:03:58,246 [信息] [服务器] 正在初始化请求资源
2021-12-28 03:03:58,246 [信息] [服务器] 正在绑定地址端口
2021-12-28 03:03:58,246 [信息] [服务器] 开始监听端口内容
2021-12-28 03:03:58,246 [信息] [服务器] 开始接收用户连接
2021-12-28 03:03:58,246 [信息] [服务器] 服务器启动成功
2021-12-28 03:03:58,247 [信息]     [连接数] 20
2021-12-28 03:03:58,247 [信息]     [线程数] 2 - 企业版可通过【E2EE控制中心】配置线程数
2021-12-28 03:03:58,247 [信息]     [模板数] 40
2021-12-28 03:54:56,352 [信息] 
2021-12-28 03:54:56,352 [信息] 
2021-12-28 03:54:56,352 [信息] 
2021-12-28 03:54:56,352 [信息] 
2021-12-28 03:54:56,353 [信息] ===============================================================
2021-12-28 03:54:56,353 [信息] =  [E2EE免费版] 1.8.9 
2021-12-28 03:54:56,353 [信息] =    绑定IP: *
2021-12-28 03:54:56,353 [信息] =    绑定端口: 8073
2021-12-28 03:54:56,353 [信息] ===============================================================
2021-12-28 03:54:56,353 [信息] [服务器] 初始化
2021-12-28 03:54:56,353 [信息] [Session系统] 正在初始化Session系统
2021-12-28 03:54:56,353 [信息] [Session系统] 初始化内存文件存储系统：[内存最大尺寸] 无限制
2021-12-28 03:54:56,353 [信息] [Session系统] 开始从磁盘加载本地Session：[目录] C:/Users/Administrator/Desktop/可爱猫5.1.7（密码169）/app/https.cat/http/临时/sessions/
2021-12-28 03:54:56,354 [信息] [Session系统] 创建Session目录
2021-12-28 03:54:56,354 [信息] [Session系统] 无法创建Session目录!Session系统将不能做持久化存储
2021-12-28 03:54:56,354 [信息] [Session系统] Session系统初始化完成
2021-12-28 03:54:56,354 [信息] [网站防火墙] 未开启防火墙
2021-12-28 03:54:56,354 [信息] [验证器] 无默认验证器配置文件
2021-12-28 03:54:56,354 [信息] [模板] [状态模板] 加载状态(404)模板: 404.html
2021-12-28 03:54:56,354 [信息] [动态模块] 开始加载动态模块
2021-12-28 03:54:56,355 [信息] [动态模块] 完成加载(无配置文件 - [模块]/模块映射.json)
2021-12-28 03:54:56,355 [信息] [模块] 开始加载下级模块
2021-12-28 03:54:56,355 [信息] [模块] 完成下级模块加载
2021-12-28 03:54:56,355 [信息] [远程服务] 开始初始化
2021-12-28 03:54:56,355 [信息] [远程服务] 初始化完成
2021-12-28 03:54:56,355 [信息] [WebService] 未启用
2021-12-28 03:54:56,355 [信息] [模板函数] 同步模板函数
2021-12-28 03:54:56,355 [信息] [模板函数] 函数同步完成
2021-12-28 03:54:56,355 [信息] [模块] 开始加载视图
2021-12-28 03:54:56,356 [信息] [视图] /send
2021-12-28 03:54:56,356 [信息] [模块] 完成视图加载
2021-12-28 03:54:56,356 [信息] [缓存] 加载动态模板页缓存
2021-12-28 03:54:56,356 [信息] [缓存] 无动态模板页缓存设置
2021-12-28 03:54:56,357 [信息] [缓存][动态缓存] 缓存文件不存在
2021-12-28 03:54:56,357 [信息] C:/Users/Administrator/Desktop/可爱猫5.1.7（密码169）/app/https.cat/http/配置/缓存设置.json
2021-12-28 03:54:56,357 [信息] [缓存] 加载服务器静态缓存设置 [时间] 3秒 [尺寸]131072
2021-12-28 03:54:56,357 [信息] [缓存] 静态缓存初始化成功
2021-12-28 03:54:56,357 [信息] [缓存] 加载服务器缓存动态设置
2021-12-28 03:54:56,357 [信息] [模块] 执行模块初始化函数
2021-12-28 03:54:56,357 [信息] [服务器] 正在初始化请求资源
2021-12-28 03:54:56,357 [信息] [服务器] 正在绑定地址端口
2021-12-28 03:54:56,357 [信息] [服务器] 开始监听端口内容
2021-12-28 03:54:56,357 [信息] [服务器] 开始接收用户连接
2021-12-28 03:54:56,357 [信息] [服务器] 服务器启动成功
2021-12-28 03:54:56,357 [信息]     [连接数] 20
2021-12-28 03:54:56,357 [信息]     [线程数] 2 - 企业版可通过【E2EE控制中心】配置线程数
2021-12-28 03:54:56,357 [信息]     [模板数] 40
2021-12-28 03:55:11,766 [信息] 
2021-12-28 03:55:11,766 [信息] 
2021-12-28 03:55:11,766 [信息] 
2021-12-28 03:55:11,766 [信息] 
2021-12-28 03:55:11,766 [信息] ===============================================================
2021-12-28 03:55:11,766 [信息] =  [E2EE免费版] 1.8.9 
2021-12-28 03:55:11,766 [信息] =    绑定IP: *
2021-12-28 03:55:11,767 [信息] =    绑定端口: 8073
2021-12-28 03:55:11,767 [信息] ===============================================================
2021-12-28 03:55:11,767 [信息] [服务器] 初始化
2021-12-28 03:55:11,767 [信息] [Session系统] 正在初始化Session系统
2021-12-28 03:55:11,767 [信息] [Session系统] 初始化内存文件存储系统：[内存最大尺寸] 无限制
2021-12-28 03:55:11,767 [信息] [Session系统] 开始从磁盘加载本地Session：[目录] C:/Users/Administrator/Desktop/可爱猫5.1.7（密码169）/app/https.cat/http/临时/sessions/
2021-12-28 03:55:11,767 [信息] [Session系统] 创建Session目录
2021-12-28 03:55:11,767 [信息] [Session系统] 无法创建Session目录!Session系统将不能做持久化存储
2021-12-28 03:55:11,768 [信息] [Session系统] Session系统初始化完成
2021-12-28 03:55:11,768 [信息] [网站防火墙] 未开启防火墙
2021-12-28 03:55:11,768 [信息] [验证器] 无默认验证器配置文件
2021-12-28 03:55:11,768 [信息] [模板] [状态模板] 加载状态(404)模板: 404.html
2021-12-28 03:55:11,768 [信息] [动态模块] 开始加载动态模块
2021-12-28 03:55:11,768 [信息] [动态模块] 完成加载(无配置文件 - [模块]/模块映射.json)
2021-12-28 03:55:11,768 [信息] [模块] 开始加载下级模块
2021-12-28 03:55:11,769 [信息] [模块] 完成下级模块加载
2021-12-28 03:55:11,769 [信息] [远程服务] 开始初始化
2021-12-28 03:55:11,769 [信息] [远程服务] 初始化完成
2021-12-28 03:55:11,769 [信息] [WebService] 未启用
2021-12-28 03:55:11,769 [信息] [模板函数] 同步模板函数
2021-12-28 03:55:11,769 [信息] [模板函数] 函数同步完成
2021-12-28 03:55:11,769 [信息] [模块] 开始加载视图
2021-12-28 03:55:11,769 [信息] [视图] /send
2021-12-28 03:55:11,769 [信息] [模块] 完成视图加载
2021-12-28 03:55:11,770 [信息] [缓存] 加载动态模板页缓存
2021-12-28 03:55:11,770 [信息] [缓存] 无动态模板页缓存设置
2021-12-28 03:55:11,770 [信息] [缓存][动态缓存] 缓存文件不存在
2021-12-28 03:55:11,770 [信息] C:/Users/Administrator/Desktop/可爱猫5.1.7（密码169）/app/https.cat/http/配置/缓存设置.json
2021-12-28 03:55:11,770 [信息] [缓存] 加载服务器静态缓存设置 [时间] 3秒 [尺寸]131072
2021-12-28 03:55:11,770 [信息] [缓存] 静态缓存初始化成功
2021-12-28 03:55:11,770 [信息] [缓存] 加载服务器缓存动态设置
2021-12-28 03:55:11,770 [信息] [模块] 执行模块初始化函数
2021-12-28 03:55:11,771 [信息] [服务器] 正在初始化请求资源
2021-12-28 03:55:11,771 [信息] [服务器] 正在绑定地址端口
2021-12-28 03:55:11,771 [信息] [服务器] 开始监听端口内容
2021-12-28 03:55:11,771 [信息] [服务器] 开始接收用户连接
2021-12-28 03:55:11,771 [信息] [服务器] 服务器启动成功
2021-12-28 03:55:11,771 [信息]     [连接数] 20
2021-12-28 03:55:11,771 [信息]     [线程数] 2 - 企业版可通过【E2EE控制中心】配置线程数
2021-12-28 03:55:11,771 [信息]     [模板数] 40
2021-12-28 03:58:45,760 [信息] 
2021-12-28 03:58:45,760 [信息] 
2021-12-28 03:58:45,760 [信息] 
2021-12-28 03:58:45,760 [信息] 
2021-12-28 03:58:45,760 [信息] ===============================================================
2021-12-28 03:58:45,760 [信息] =  [E2EE免费版] 1.8.9 
2021-12-28 03:58:45,761 [信息] =    绑定IP: *
2021-12-28 03:58:45,761 [信息] =    绑定端口: 8073
2021-12-28 03:58:45,761 [信息] ===============================================================
2021-12-28 03:58:45,761 [信息] [服务器] 初始化
2021-12-28 03:58:45,761 [信息] [Session系统] 正在初始化Session系统
2021-12-28 03:58:45,761 [信息] [Session系统] 初始化内存文件存储系统：[内存最大尺寸] 无限制
2021-12-28 03:58:45,761 [信息] [Session系统] 开始从磁盘加载本地Session：[目录] C:/Users/Administrator/Desktop/可爱猫5.1.7（密码169）/app/https.cat/http/临时/sessions/
2021-12-28 03:58:45,761 [信息] [Session系统] 创建Session目录
2021-12-28 03:58:45,762 [信息] [Session系统] 无法创建Session目录!Session系统将不能做持久化存储
2021-12-28 03:58:45,762 [信息] [Session系统] Session系统初始化完成
2021-12-28 03:58:45,762 [信息] [网站防火墙] 未开启防火墙
2021-12-28 03:58:45,762 [信息] [验证器] 无默认验证器配置文件
2021-12-28 03:58:45,762 [信息] [模板] [状态模板] 加载状态(404)模板: 404.html
2021-12-28 03:58:45,762 [信息] [动态模块] 开始加载动态模块
2021-12-28 03:58:45,763 [信息] [动态模块] 完成加载(无配置文件 - [模块]/模块映射.json)
2021-12-28 03:58:45,763 [信息] [模块] 开始加载下级模块
2021-12-28 03:58:45,763 [信息] [模块] 完成下级模块加载
2021-12-28 03:58:45,763 [信息] [远程服务] 开始初始化
2021-12-28 03:58:45,763 [信息] [远程服务] 初始化完成
2021-12-28 03:58:45,763 [信息] [WebService] 未启用
2021-12-28 03:58:45,763 [信息] [模板函数] 同步模板函数
2021-12-28 03:58:45,763 [信息] [模板函数] 函数同步完成
2021-12-28 03:58:45,764 [信息] [模块] 开始加载视图
2021-12-28 03:58:45,764 [信息] [视图] /send
2021-12-28 03:58:45,764 [信息] [模块] 完成视图加载
2021-12-28 03:58:45,764 [信息] [缓存] 加载动态模板页缓存
2021-12-28 03:58:45,764 [信息] [缓存] 无动态模板页缓存设置
2021-12-28 03:58:45,764 [信息] [缓存][动态缓存] 缓存文件不存在
2021-12-28 03:58:45,764 [信息] C:/Users/Administrator/Desktop/可爱猫5.1.7（密码169）/app/https.cat/http/配置/缓存设置.json
2021-12-28 03:58:45,765 [信息] [缓存] 加载服务器静态缓存设置 [时间] 3秒 [尺寸]131072
2021-12-28 03:58:45,765 [信息] [缓存] 静态缓存初始化成功
2021-12-28 03:58:45,765 [信息] [缓存] 加载服务器缓存动态设置
2021-12-28 03:58:45,765 [信息] [模块] 执行模块初始化函数
2021-12-28 03:58:45,765 [信息] [服务器] 正在初始化请求资源
2021-12-28 03:58:45,765 [信息] [服务器] 正在绑定地址端口
2021-12-28 03:58:45,765 [信息] [服务器] 开始监听端口内容
2021-12-28 03:58:45,765 [信息] [服务器] 开始接收用户连接
2021-12-28 03:58:45,765 [信息] [服务器] 服务器启动成功
2021-12-28 03:58:45,766 [信息]     [连接数] 20
2021-12-28 03:58:45,766 [信息]     [线程数] 2 - 企业版可通过【E2EE控制中心】配置线程数
2021-12-28 03:58:45,766 [信息]     [模板数] 40
2021-12-28 03:58:56,626 [信息] 
2021-12-28 03:58:56,627 [信息] 
2021-12-28 03:58:56,627 [信息] 
2021-12-28 03:58:56,627 [信息] 
2021-12-28 03:58:56,627 [信息] ===============================================================
2021-12-28 03:58:56,627 [信息] =  [E2EE免费版] 1.8.9 
2021-12-28 03:58:56,627 [信息] =    绑定IP: *
2021-12-28 03:58:56,627 [信息] =    绑定端口: 8073
2021-12-28 03:58:56,627 [信息] ===============================================================
2021-12-28 03:58:56,627 [信息] [服务器] 初始化
2021-12-28 03:58:56,627 [信息] [Session系统] 正在初始化Session系统
2021-12-28 03:58:56,628 [信息] [Session系统] 初始化内存文件存储系统：[内存最大尺寸] 无限制
2021-12-28 03:58:56,628 [信息] [Session系统] 开始从磁盘加载本地Session：[目录] C:/Users/Administrator/Desktop/可爱猫5.1.7（密码169）/app/https.cat/http/临时/sessions/
2021-12-28 03:58:56,628 [信息] [Session系统] 创建Session目录
2021-12-28 03:58:56,628 [信息] [Session系统] 无法创建Session目录!Session系统将不能做持久化存储
2021-12-28 03:58:56,628 [信息] [Session系统] Session系统初始化完成
2021-12-28 03:58:56,628 [信息] [网站防火墙] 未开启防火墙
2021-12-28 03:58:56,629 [信息] [验证器] 无默认验证器配置文件
2021-12-28 03:58:56,629 [信息] [模板] [状态模板] 加载状态(404)模板: 404.html
2021-12-28 03:58:56,629 [信息] [动态模块] 开始加载动态模块
2021-12-28 03:58:56,629 [信息] [动态模块] 完成加载(无配置文件 - [模块]/模块映射.json)
2021-12-28 03:58:56,629 [信息] [模块] 开始加载下级模块
2021-12-28 03:58:56,629 [信息] [模块] 完成下级模块加载
2021-12-28 03:58:56,629 [信息] [远程服务] 开始初始化
2021-12-28 03:58:56,630 [信息] [远程服务] 初始化完成
2021-12-28 03:58:56,630 [信息] [WebService] 未启用
2021-12-28 03:58:56,630 [信息] [模板函数] 同步模板函数
2021-12-28 03:58:56,630 [信息] [模板函数] 函数同步完成
2021-12-28 03:58:56,630 [信息] [模块] 开始加载视图
2021-12-28 03:58:56,630 [信息] [视图] /send
2021-12-28 03:58:56,630 [信息] [模块] 完成视图加载
2021-12-28 03:58:56,630 [信息] [缓存] 加载动态模板页缓存
2021-12-28 03:58:56,630 [信息] [缓存] 无动态模板页缓存设置
2021-12-28 03:58:56,631 [信息] [缓存][动态缓存] 缓存文件不存在
2021-12-28 03:58:56,631 [信息] C:/Users/Administrator/Desktop/可爱猫5.1.7（密码169）/app/https.cat/http/配置/缓存设置.json
2021-12-28 03:58:56,631 [信息] [缓存] 加载服务器静态缓存设置 [时间] 3秒 [尺寸]131072
2021-12-28 03:58:56,631 [信息] [缓存] 静态缓存初始化成功
2021-12-28 03:58:56,631 [信息] [缓存] 加载服务器缓存动态设置
2021-12-28 03:58:56,631 [信息] [模块] 执行模块初始化函数
2021-12-28 03:58:56,631 [信息] [服务器] 正在初始化请求资源
2021-12-28 03:58:56,631 [信息] [服务器] 正在绑定地址端口
2021-12-28 03:58:56,632 [信息] [服务器] 开始监听端口内容
2021-12-28 03:58:56,632 [信息] [服务器] 开始接收用户连接
2021-12-28 03:58:56,632 [信息] [服务器] 服务器启动成功
2021-12-28 03:58:56,632 [信息]     [连接数] 20
2021-12-28 03:58:56,632 [信息]     [线程数] 2 - 企业版可通过【E2EE控制中心】配置线程数
2021-12-28 03:58:56,632 [信息]     [模板数] 40
2021-12-28 04:03:21,129 [信息] 
2021-12-28 04:03:21,130 [信息] 
2021-12-28 04:03:21,130 [信息] 
2021-12-28 04:03:21,130 [信息] 
2021-12-28 04:03:21,130 [信息] ===============================================================
2021-12-28 04:03:21,130 [信息] =  [E2EE免费版] 1.8.9 
2021-12-28 04:03:21,130 [信息] =    绑定IP: *
2021-12-28 04:03:21,130 [信息] =    绑定端口: 8073
2021-12-28 04:03:21,130 [信息] ===============================================================
2021-12-28 04:03:21,130 [信息] [服务器] 初始化
2021-12-28 04:03:21,131 [信息] [Session系统] 正在初始化Session系统
2021-12-28 04:03:21,131 [信息] [Session系统] 初始化内存文件存储系统：[内存最大尺寸] 无限制
2021-12-28 04:03:21,131 [信息] [Session系统] 开始从磁盘加载本地Session：[目录] C:/Users/Administrator/Desktop/可爱猫5.1.7（密码169）/app/https.cat/http/临时/sessions/
2021-12-28 04:03:21,131 [信息] [Session系统] 创建Session目录
2021-12-28 04:03:21,131 [信息] [Session系统] 无法创建Session目录!Session系统将不能做持久化存储
2021-12-28 04:03:21,131 [信息] [Session系统] Session系统初始化完成
2021-12-28 04:03:21,131 [信息] [网站防火墙] 未开启防火墙
2021-12-28 04:03:21,132 [信息] [验证器] 无默认验证器配置文件
2021-12-28 04:03:21,132 [信息] [模板] [状态模板] 加载状态(404)模板: 404.html
2021-12-28 04:03:21,132 [信息] [动态模块] 开始加载动态模块
2021-12-28 04:03:21,132 [信息] [动态模块] 完成加载(无配置文件 - [模块]/模块映射.json)
2021-12-28 04:03:21,132 [信息] [模块] 开始加载下级模块
2021-12-28 04:03:21,132 [信息] [模块] 完成下级模块加载
2021-12-28 04:03:21,132 [信息] [远程服务] 开始初始化
2021-12-28 04:03:21,133 [信息] [远程服务] 初始化完成
2021-12-28 04:03:21,133 [信息] [WebService] 未启用
2021-12-28 04:03:21,133 [信息] [模板函数] 同步模板函数
2021-12-28 04:03:21,133 [信息] [模板函数] 函数同步完成
2021-12-28 04:03:21,133 [信息] [模块] 开始加载视图
2021-12-28 04:03:21,133 [信息] [视图] /send
2021-12-28 04:03:21,133 [信息] [模块] 完成视图加载
2021-12-28 04:03:21,133 [信息] [缓存] 加载动态模板页缓存
2021-12-28 04:03:21,134 [信息] [缓存] 无动态模板页缓存设置
2021-12-28 04:03:21,134 [信息] [缓存][动态缓存] 缓存文件不存在
2021-12-28 04:03:21,134 [信息] C:/Users/Administrator/Desktop/可爱猫5.1.7（密码169）/app/https.cat/http/配置/缓存设置.json
2021-12-28 04:03:21,134 [信息] [缓存] 加载服务器静态缓存设置 [时间] 3秒 [尺寸]131072
2021-12-28 04:03:21,134 [信息] [缓存] 静态缓存初始化成功
2021-12-28 04:03:21,134 [信息] [缓存] 加载服务器缓存动态设置
2021-12-28 04:03:21,134 [信息] [模块] 执行模块初始化函数
2021-12-28 04:03:21,134 [信息] [服务器] 正在初始化请求资源
2021-12-28 04:03:21,135 [信息] [服务器] 正在绑定地址端口
2021-12-28 04:03:21,135 [信息] [服务器] 开始监听端口内容
2021-12-28 04:03:21,136 [信息] [服务器] 开始接收用户连接
2021-12-28 04:03:21,136 [信息] [服务器] 服务器启动成功
2021-12-28 04:03:21,136 [信息]     [连接数] 20
2021-12-28 04:03:21,137 [信息]     [线程数] 2 - 企业版可通过【E2EE控制中心】配置线程数
2021-12-28 04:03:21,137 [信息]     [模板数] 40
2021-12-28 04:04:36,541 [信息] 
2021-12-28 04:04:36,541 [信息] 
2021-12-28 04:04:36,542 [信息] 
2021-12-28 04:04:36,542 [信息] 
2021-12-28 04:04:36,542 [信息] ===============================================================
2021-12-28 04:04:36,542 [信息] =  [E2EE免费版] 1.8.9 
2021-12-28 04:04:36,542 [信息] =    绑定IP: *
2021-12-28 04:04:36,542 [信息] =    绑定端口: 8073
2021-12-28 04:04:36,542 [信息] ===============================================================
2021-12-28 04:04:36,542 [信息] [服务器] 初始化
2021-12-28 04:04:36,542 [信息] [Session系统] 正在初始化Session系统
2021-12-28 04:04:36,542 [信息] [Session系统] 初始化内存文件存储系统：[内存最大尺寸] 无限制
2021-12-28 04:04:36,542 [信息] [Session系统] 开始从磁盘加载本地Session：[目录] C:/Users/Administrator/Desktop/可爱猫5.1.7（密码169）/app/https.cat/http/临时/sessions/
2021-12-28 04:04:36,543 [信息] [Session系统] 创建Session目录
2021-12-28 04:04:36,543 [信息] [Session系统] 无法创建Session目录!Session系统将不能做持久化存储
2021-12-28 04:04:36,543 [信息] [Session系统] Session系统初始化完成
2021-12-28 04:04:36,543 [信息] [网站防火墙] 未开启防火墙
2021-12-28 04:04:36,544 [信息] [验证器] 无默认验证器配置文件
2021-12-28 04:04:36,544 [信息] [模板] [状态模板] 加载状态(404)模板: 404.html
2021-12-28 04:04:36,544 [信息] [动态模块] 开始加载动态模块
2021-12-28 04:04:36,544 [信息] [动态模块] 完成加载(无配置文件 - [模块]/模块映射.json)
2021-12-28 04:04:36,544 [信息] [模块] 开始加载下级模块
2021-12-28 04:04:36,544 [信息] [模块] 完成下级模块加载
2021-12-28 04:04:36,544 [信息] [远程服务] 开始初始化
2021-12-28 04:04:36,545 [信息] [远程服务] 初始化完成
2021-12-28 04:04:36,545 [信息] [WebService] 未启用
2021-12-28 04:04:36,545 [信息] [模板函数] 同步模板函数
2021-12-28 04:04:36,545 [信息] [模板函数] 函数同步完成
2021-12-28 04:04:36,545 [信息] [模块] 开始加载视图
2021-12-28 04:04:36,545 [信息] [视图] /send
2021-12-28 04:04:36,545 [信息] [模块] 完成视图加载
2021-12-28 04:04:36,545 [信息] [缓存] 加载动态模板页缓存
2021-12-28 04:04:36,545 [信息] [缓存] 无动态模板页缓存设置
2021-12-28 04:04:36,546 [信息] [缓存][动态缓存] 缓存文件不存在
2021-12-28 04:04:36,546 [信息] C:/Users/Administrator/Desktop/可爱猫5.1.7（密码169）/app/https.cat/http/配置/缓存设置.json
2021-12-28 04:04:36,546 [信息] [缓存] 加载服务器静态缓存设置 [时间] 3秒 [尺寸]131072
2021-12-28 04:04:36,546 [信息] [缓存] 静态缓存初始化成功
2021-12-28 04:04:36,546 [信息] [缓存] 加载服务器缓存动态设置
2021-12-28 04:04:36,546 [信息] [模块] 执行模块初始化函数
2021-12-28 04:04:36,546 [信息] [服务器] 正在初始化请求资源
2021-12-28 04:04:36,546 [信息] [服务器] 正在绑定地址端口
2021-12-28 04:04:36,547 [信息] [服务器] 开始监听端口内容
2021-12-28 04:04:36,547 [信息] [服务器] 开始接收用户连接
2021-12-28 04:04:36,547 [信息] [服务器] 服务器启动成功
2021-12-28 04:04:36,547 [信息]     [连接数] 20
2021-12-28 04:04:36,547 [信息]     [线程数] 2 - 企业版可通过【E2EE控制中心】配置线程数
2021-12-28 04:04:36,547 [信息]     [模板数] 40
2021-12-28 04:06:50,183 [信息] 
2021-12-28 04:06:50,183 [信息] 
2021-12-28 04:06:50,183 [信息] 
2021-12-28 04:06:50,183 [信息] 
2021-12-28 04:06:50,183 [信息] ===============================================================
2021-12-28 04:06:50,184 [信息] =  [E2EE免费版] 1.8.9 
2021-12-28 04:06:50,184 [信息] =    绑定IP: *
2021-12-28 04:06:50,184 [信息] =    绑定端口: 8073
2021-12-28 04:06:50,184 [信息] ===============================================================
2021-12-28 04:06:50,185 [信息] [服务器] 初始化
2021-12-28 04:06:50,185 [信息] [Session系统] 正在初始化Session系统
2021-12-28 04:06:50,185 [信息] [Session系统] 初始化内存文件存储系统：[内存最大尺寸] 无限制
2021-12-28 04:06:50,185 [信息] [Session系统] 开始从磁盘加载本地Session：[目录] C:/Users/ADMINI~1/Desktop/可爱猫~1.7（/app/https.cat/http/临时/sessions/
2021-12-28 04:06:50,186 [信息] [Session系统] 创建Session目录
2021-12-28 04:06:50,186 [信息] [Session系统] 无法创建Session目录!Session系统将不能做持久化存储
2021-12-28 04:06:50,186 [信息] [Session系统] Session系统初始化完成
2021-12-28 04:06:50,186 [信息] [网站防火墙] 未开启防火墙
2021-12-28 04:06:50,187 [信息] [验证器] 无默认验证器配置文件
2021-12-28 04:06:50,187 [信息] [模板] [状态模板] 加载状态(404)模板: 404.html
2021-12-28 04:06:50,187 [信息] [动态模块] 开始加载动态模块
2021-12-28 04:06:50,187 [信息] [动态模块] 完成加载(无配置文件 - [模块]/模块映射.json)
2021-12-28 04:06:50,187 [信息] [模块] 开始加载下级模块
2021-12-28 04:06:50,188 [信息] [模块] 完成下级模块加载
2021-12-28 04:06:50,188 [信息] [远程服务] 开始初始化
2021-12-28 04:06:50,188 [信息] [远程服务] 初始化完成
2021-12-28 04:06:50,188 [信息] [WebService] 未启用
2021-12-28 04:06:50,188 [信息] [模板函数] 同步模板函数
2021-12-28 04:06:50,188 [信息] [模板函数] 函数同步完成
2021-12-28 04:06:50,189 [信息] [模块] 开始加载视图
2021-12-28 04:06:50,189 [信息] [视图] /send
2021-12-28 04:06:50,189 [信息] [模块] 完成视图加载
2021-12-28 04:06:50,189 [信息] [缓存] 加载动态模板页缓存
2021-12-28 04:06:50,189 [信息] [缓存] 无动态模板页缓存设置
2021-12-28 04:06:50,190 [信息] [缓存][动态缓存] 缓存文件不存在
2021-12-28 04:06:50,190 [信息] C:/Users/ADMINI~1/Desktop/可爱猫~1.7（/app/https.cat/http/配置/缓存设置.json
2021-12-28 04:06:50,190 [信息] [缓存] 加载服务器静态缓存设置 [时间] 3秒 [尺寸]131072
2021-12-28 04:06:50,190 [信息] [缓存] 静态缓存初始化成功
2021-12-28 04:06:50,190 [信息] [缓存] 加载服务器缓存动态设置
2021-12-28 04:06:50,190 [信息] [模块] 执行模块初始化函数
2021-12-28 04:06:50,190 [信息] [服务器] 正在初始化请求资源
2021-12-28 04:06:50,191 [信息] [服务器] 正在绑定地址端口
2021-12-28 04:06:50,191 [信息] [服务器] 开始监听端口内容
2021-12-28 04:06:50,191 [信息] [服务器] 开始接收用户连接
2021-12-28 04:06:50,191 [信息] [服务器] 服务器启动成功
2021-12-28 04:06:50,191 [信息]     [连接数] 20
2021-12-28 04:06:50,192 [信息]     [线程数] 2 - 企业版可通过【E2EE控制中心】配置线程数
2021-12-28 04:06:50,192 [信息]     [模板数] 40
2021-12-28 04:09:58,998 [信息] 
2021-12-28 04:09:58,998 [信息] 
2021-12-28 04:09:58,998 [信息] 
2021-12-28 04:09:58,998 [信息] 
2021-12-28 04:09:58,998 [信息] ===============================================================
2021-12-28 04:09:58,999 [信息] =  [E2EE免费版] 1.8.9 
2021-12-28 04:09:58,999 [信息] =    绑定IP: *
2021-12-28 04:09:58,999 [信息] =    绑定端口: 8073
2021-12-28 04:09:58,999 [信息] ===============================================================
2021-12-28 04:09:58,999 [信息] [服务器] 初始化
2021-12-28 04:09:58,999 [信息] [Session系统] 正在初始化Session系统
2021-12-28 04:09:58,999 [信息] [Session系统] 初始化内存文件存储系统：[内存最大尺寸] 无限制
2021-12-28 04:09:58,999 [信息] [Session系统] 开始从磁盘加载本地Session：[目录] C:/Users/ADMINI~1/Desktop/可爱猫~1.7（/app/https.cat/http/临时/sessions/
2021-12-28 04:09:59,000 [信息] [Session系统] 创建Session目录
2021-12-28 04:09:59,000 [信息] [Session系统] 无法创建Session目录!Session系统将不能做持久化存储
2021-12-28 04:09:59,000 [信息] [Session系统] Session系统初始化完成
2021-12-28 04:09:59,000 [信息] [网站防火墙] 未开启防火墙
2021-12-28 04:09:59,000 [信息] [验证器] 无默认验证器配置文件
2021-12-28 04:09:59,000 [信息] [模板] [状态模板] 加载状态(404)模板: 404.html
2021-12-28 04:09:59,000 [信息] [动态模块] 开始加载动态模块
2021-12-28 04:09:59,001 [信息] [动态模块] 完成加载(无配置文件 - [模块]/模块映射.json)
2021-12-28 04:09:59,001 [信息] [模块] 开始加载下级模块
2021-12-28 04:09:59,001 [信息] [模块] 完成下级模块加载
2021-12-28 04:09:59,001 [信息] [远程服务] 开始初始化
2021-12-28 04:09:59,001 [信息] [远程服务] 初始化完成
2021-12-28 04:09:59,001 [信息] [WebService] 未启用
2021-12-28 04:09:59,001 [信息] [模板函数] 同步模板函数
2021-12-28 04:09:59,001 [信息] [模板函数] 函数同步完成
2021-12-28 04:09:59,001 [信息] [模块] 开始加载视图
2021-12-28 04:09:59,002 [信息] [视图] /send
2021-12-28 04:09:59,002 [信息] [模块] 完成视图加载
2021-12-28 04:09:59,002 [信息] [缓存] 加载动态模板页缓存
2021-12-28 04:09:59,002 [信息] [缓存] 无动态模板页缓存设置
2021-12-28 04:09:59,002 [信息] [缓存][动态缓存] 缓存文件不存在
2021-12-28 04:09:59,002 [信息] C:/Users/ADMINI~1/Desktop/可爱猫~1.7（/app/https.cat/http/配置/缓存设置.json
2021-12-28 04:09:59,002 [信息] [缓存] 加载服务器静态缓存设置 [时间] 3秒 [尺寸]131072
2021-12-28 04:09:59,003 [信息] [缓存] 静态缓存初始化成功
2021-12-28 04:09:59,003 [信息] [缓存] 加载服务器缓存动态设置
2021-12-28 04:09:59,003 [信息] [模块] 执行模块初始化函数
2021-12-28 04:09:59,003 [信息] [服务器] 正在初始化请求资源
2021-12-28 04:09:59,003 [信息] [服务器] 正在绑定地址端口
2021-12-28 04:09:59,004 [信息] [服务器] 开始监听端口内容
2021-12-28 04:09:59,004 [信息] [服务器] 开始接收用户连接
2021-12-28 04:09:59,004 [信息] [服务器] 服务器启动成功
2021-12-28 04:09:59,004 [信息]     [连接数] 20
2021-12-28 04:09:59,004 [信息]     [线程数] 2 - 企业版可通过【E2EE控制中心】配置线程数
2021-12-28 04:09:59,004 [信息]     [模板数] 40
2021-12-28 04:11:46,891 [信息] 
2021-12-28 04:11:46,892 [信息] 
2021-12-28 04:11:46,892 [信息] 
2021-12-28 04:11:46,892 [信息] 
2021-12-28 04:11:46,892 [信息] ===============================================================
2021-12-28 04:11:46,892 [信息] =  [E2EE免费版] 1.8.9 
2021-12-28 04:11:46,892 [信息] =    绑定IP: *
2021-12-28 04:11:46,892 [信息] =    绑定端口: 8073
2021-12-28 04:11:46,892 [信息] ===============================================================
2021-12-28 04:11:46,892 [信息] [服务器] 初始化
2021-12-28 04:11:46,892 [信息] [Session系统] 正在初始化Session系统
2021-12-28 04:11:46,893 [信息] [Session系统] 初始化内存文件存储系统：[内存最大尺寸] 无限制
2021-12-28 04:11:46,893 [信息] [Session系统] 开始从磁盘加载本地Session：[目录] C:/Users/ADMINI~1/Desktop/可爱猫~1.7（/app/https.cat/http/临时/sessions/
2021-12-28 04:11:46,893 [信息] [Session系统] 创建Session目录
2021-12-28 04:11:46,893 [信息] [Session系统] 无法创建Session目录!Session系统将不能做持久化存储
2021-12-28 04:11:46,893 [信息] [Session系统] Session系统初始化完成
2021-12-28 04:11:46,893 [信息] [网站防火墙] 未开启防火墙
2021-12-28 04:11:46,894 [信息] [验证器] 无默认验证器配置文件
2021-12-28 04:11:46,894 [信息] [模板] [状态模板] 加载状态(404)模板: 404.html
2021-12-28 04:11:46,894 [信息] [动态模块] 开始加载动态模块
2021-12-28 04:11:46,894 [信息] [动态模块] 完成加载(无配置文件 - [模块]/模块映射.json)
2021-12-28 04:11:46,894 [信息] [模块] 开始加载下级模块
2021-12-28 04:11:46,894 [信息] [模块] 完成下级模块加载
2021-12-28 04:11:46,894 [信息] [远程服务] 开始初始化
2021-12-28 04:11:46,895 [信息] [远程服务] 初始化完成
2021-12-28 04:11:46,895 [信息] [WebService] 未启用
2021-12-28 04:11:46,895 [信息] [模板函数] 同步模板函数
2021-12-28 04:11:46,895 [信息] [模板函数] 函数同步完成
2021-12-28 04:11:46,895 [信息] [模块] 开始加载视图
2021-12-28 04:11:46,895 [信息] [视图] /send
2021-12-28 04:11:46,895 [信息] [模块] 完成视图加载
2021-12-28 04:11:46,895 [信息] [缓存] 加载动态模板页缓存
2021-12-28 04:11:46,895 [信息] [缓存] 无动态模板页缓存设置
2021-12-28 04:11:46,896 [信息] [缓存][动态缓存] 缓存文件不存在
2021-12-28 04:11:46,896 [信息] C:/Users/ADMINI~1/Desktop/可爱猫~1.7（/app/https.cat/http/配置/缓存设置.json
2021-12-28 04:11:46,896 [信息] [缓存] 加载服务器静态缓存设置 [时间] 3秒 [尺寸]131072
2021-12-28 04:11:46,896 [信息] [缓存] 静态缓存初始化成功
2021-12-28 04:11:46,896 [信息] [缓存] 加载服务器缓存动态设置
2021-12-28 04:11:46,896 [信息] [模块] 执行模块初始化函数
2021-12-28 04:11:46,896 [信息] [服务器] 正在初始化请求资源
2021-12-28 04:11:46,896 [信息] [服务器] 正在绑定地址端口
2021-12-28 04:11:46,897 [信息] [服务器] 开始监听端口内容
2021-12-28 04:11:46,897 [信息] [服务器] 开始接收用户连接
2021-12-28 04:11:46,897 [信息] [服务器] 服务器启动成功
2021-12-28 04:11:46,897 [信息]     [连接数] 20
2021-12-28 04:11:46,897 [信息]     [线程数] 2 - 企业版可通过【E2EE控制中心】配置线程数
2021-12-28 04:11:46,897 [信息]     [模板数] 40
2021-12-28 17:13:28,548 [信息] 
2021-12-28 17:13:28,549 [信息] 
2021-12-28 17:13:28,549 [信息] 
2021-12-28 17:13:28,549 [信息] 
2021-12-28 17:13:28,550 [信息] ===============================================================
2021-12-28 17:13:28,550 [信息] =  [E2EE免费版] 1.8.9 
2021-12-28 17:13:28,550 [信息] =    绑定IP: *
2021-12-28 17:13:28,550 [信息] =    绑定端口: 8073
2021-12-28 17:13:28,550 [信息] ===============================================================
2021-12-28 17:13:28,550 [信息] [服务器] 初始化
2021-12-28 17:13:28,550 [信息] [Session系统] 正在初始化Session系统
2021-12-28 17:13:28,550 [信息] [Session系统] 初始化内存文件存储系统：[内存最大尺寸] 无限制
2021-12-28 17:13:28,550 [信息] [Session系统] 开始从磁盘加载本地Session：[目录] C:/Users/ADMINI~1/Desktop/可爱猫~1.7（/app/https.cat/http/临时/sessions/
2021-12-28 17:13:28,551 [信息] [Session系统] 创建Session目录
2021-12-28 17:13:28,551 [信息] [Session系统] 无法创建Session目录!Session系统将不能做持久化存储
2021-12-28 17:13:28,551 [信息] [Session系统] Session系统初始化完成
2021-12-28 17:13:28,551 [信息] [网站防火墙] 未开启防火墙
2021-12-28 17:13:28,551 [信息] [验证器] 无默认验证器配置文件
2021-12-28 17:13:28,551 [信息] [模板] [状态模板] 加载状态(404)模板: 404.html
2021-12-28 17:13:28,552 [信息] [动态模块] 开始加载动态模块
2021-12-28 17:13:28,552 [信息] [动态模块] 完成加载(无配置文件 - [模块]/模块映射.json)
2021-12-28 17:13:28,552 [信息] [模块] 开始加载下级模块
2021-12-28 17:13:28,552 [信息] [模块] 完成下级模块加载
2021-12-28 17:13:28,552 [信息] [远程服务] 开始初始化
2021-12-28 17:13:28,552 [信息] [远程服务] 初始化完成
2021-12-28 17:13:28,552 [信息] [WebService] 未启用
2021-12-28 17:13:28,553 [信息] [模板函数] 同步模板函数
2021-12-28 17:13:28,553 [信息] [模板函数] 函数同步完成
2021-12-28 17:13:28,553 [信息] [模块] 开始加载视图
2021-12-28 17:13:28,553 [信息] [视图] /send
2021-12-28 17:13:28,553 [信息] [模块] 完成视图加载
2021-12-28 17:13:28,553 [信息] [缓存] 加载动态模板页缓存
2021-12-28 17:13:28,553 [信息] [缓存] 无动态模板页缓存设置
2021-12-28 17:13:28,553 [信息] [缓存][动态缓存] 缓存文件不存在
2021-12-28 17:13:28,554 [信息] C:/Users/ADMINI~1/Desktop/可爱猫~1.7（/app/https.cat/http/配置/缓存设置.json
2021-12-28 17:13:28,554 [信息] [缓存] 加载服务器静态缓存设置 [时间] 3秒 [尺寸]131072
2021-12-28 17:13:28,554 [信息] [缓存] 静态缓存初始化成功
2021-12-28 17:13:28,554 [信息] [缓存] 加载服务器缓存动态设置
2021-12-28 17:13:28,554 [信息] [模块] 执行模块初始化函数
2021-12-28 17:13:28,554 [信息] [服务器] 正在初始化请求资源
2021-12-28 17:13:28,554 [信息] [服务器] 正在绑定地址端口
2021-12-28 17:13:28,555 [信息] [服务器] 开始监听端口内容
2021-12-28 17:13:28,555 [信息] [服务器] 开始接收用户连接
2021-12-28 17:13:28,555 [信息] [服务器] 服务器启动成功
2021-12-28 17:13:28,555 [信息]     [连接数] 20
2021-12-28 17:13:28,555 [信息]     [线程数] 2 - 企业版可通过【E2EE控制中心】配置线程数
2021-12-28 17:13:28,555 [信息]     [模板数] 40
2021-12-29 01:19:36,206 [信息] 
2021-12-29 01:19:36,206 [信息] 
2021-12-29 01:19:36,206 [信息] 
2021-12-29 01:19:36,206 [信息] 
2021-12-29 01:19:36,206 [信息] ===============================================================
2021-12-29 01:19:36,206 [信息] =  [E2EE免费版] 1.8.9 
2021-12-29 01:19:36,206 [信息] =    绑定IP: *
2021-12-29 01:19:36,206 [信息] =    绑定端口: 8073
2021-12-29 01:19:36,207 [信息] ===============================================================
2021-12-29 01:19:36,207 [信息] [服务器] 初始化
2021-12-29 01:19:36,207 [信息] [Session系统] 正在初始化Session系统
2021-12-29 01:19:36,207 [信息] [Session系统] 初始化内存文件存储系统：[内存最大尺寸] 无限制
2021-12-29 01:19:36,207 [信息] [Session系统] 开始从磁盘加载本地Session：[目录] C:/Users/ADMINI~1/Desktop/可爱猫~1.7（/app/https.cat/http/临时/sessions/
2021-12-29 01:19:36,207 [信息] [Session系统] 创建Session目录
2021-12-29 01:19:36,207 [信息] [Session系统] 无法创建Session目录!Session系统将不能做持久化存储
2021-12-29 01:19:36,207 [信息] [Session系统] Session系统初始化完成
2021-12-29 01:19:36,208 [信息] [网站防火墙] 未开启防火墙
2021-12-29 01:19:36,208 [信息] [验证器] 无默认验证器配置文件
2021-12-29 01:19:36,208 [信息] [模板] [状态模板] 加载状态(404)模板: 404.html
2021-12-29 01:19:36,208 [信息] [动态模块] 开始加载动态模块
2021-12-29 01:19:36,208 [信息] [动态模块] 完成加载(无配置文件 - [模块]/模块映射.json)
2021-12-29 01:19:36,208 [信息] [模块] 开始加载下级模块
2021-12-29 01:19:36,209 [信息] [模块] 完成下级模块加载
2021-12-29 01:19:36,209 [信息] [远程服务] 开始初始化
2021-12-29 01:19:36,209 [信息] [远程服务] 初始化完成
2021-12-29 01:19:36,209 [信息] [WebService] 未启用
2021-12-29 01:19:36,209 [信息] [模板函数] 同步模板函数
2021-12-29 01:19:36,209 [信息] [模板函数] 函数同步完成
2021-12-29 01:19:36,209 [信息] [模块] 开始加载视图
2021-12-29 01:19:36,209 [信息] [视图] /send
2021-12-29 01:19:36,209 [信息] [模块] 完成视图加载
2021-12-29 01:19:36,210 [信息] [缓存] 加载动态模板页缓存
2021-12-29 01:19:36,210 [信息] [缓存] 无动态模板页缓存设置
2021-12-29 01:19:36,210 [信息] [缓存][动态缓存] 缓存文件不存在
2021-12-29 01:19:36,211 [信息] C:/Users/ADMINI~1/Desktop/可爱猫~1.7（/app/https.cat/http/配置/缓存设置.json
2021-12-29 01:19:36,211 [信息] [缓存] 加载服务器静态缓存设置 [时间] 3秒 [尺寸]131072
2021-12-29 01:19:36,211 [信息] [缓存] 静态缓存初始化成功
2021-12-29 01:19:36,211 [信息] [缓存] 加载服务器缓存动态设置
2021-12-29 01:19:36,211 [信息] [模块] 执行模块初始化函数
2021-12-29 01:19:36,211 [信息] [服务器] 正在初始化请求资源
2021-12-29 01:19:36,211 [信息] [服务器] 正在绑定地址端口
2021-12-29 01:19:36,212 [信息] [服务器] 开始监听端口内容
2021-12-29 01:19:36,212 [信息] [服务器] 开始接收用户连接
2021-12-29 01:19:36,212 [信息] [服务器] 服务器启动成功
2021-12-29 01:19:36,212 [信息]     [连接数] 20
2021-12-29 01:19:36,212 [信息]     [线程数] 2 - 企业版可通过【E2EE控制中心】配置线程数
2021-12-29 01:19:36,212 [信息]     [模板数] 40
2021-12-29 01:39:16,536 [信息] 
2021-12-29 01:39:16,536 [信息] 
2021-12-29 01:39:16,536 [信息] 
2021-12-29 01:39:16,536 [信息] 
2021-12-29 01:39:16,537 [信息] ===============================================================
2021-12-29 01:39:16,537 [信息] =  [E2EE免费版] 1.8.9 
2021-12-29 01:39:16,537 [信息] =    绑定IP: *
2021-12-29 01:39:16,537 [信息] =    绑定端口: 8073
2021-12-29 01:39:16,537 [信息] ===============================================================
2021-12-29 01:39:16,537 [信息] [服务器] 初始化
2021-12-29 01:39:16,537 [信息] [Session系统] 正在初始化Session系统
2021-12-29 01:39:16,538 [信息] [Session系统] 初始化内存文件存储系统：[内存最大尺寸] 无限制
2021-12-29 01:39:16,538 [信息] [Session系统] 开始从磁盘加载本地Session：[目录] C:/Users/Administrator/Desktop/可爱猫5.1.7（密码169）/app/https.cat/http/临时/sessions/
2021-12-29 01:39:16,538 [信息] [Session系统] 创建Session目录
2021-12-29 01:39:16,538 [信息] [Session系统] 无法创建Session目录!Session系统将不能做持久化存储
2021-12-29 01:39:16,538 [信息] [Session系统] Session系统初始化完成
2021-12-29 01:39:16,538 [信息] [网站防火墙] 未开启防火墙
2021-12-29 01:39:16,539 [信息] [验证器] 无默认验证器配置文件
2021-12-29 01:39:16,539 [信息] [模板] [状态模板] 加载状态(404)模板: 404.html
2021-12-29 01:39:16,539 [信息] [动态模块] 开始加载动态模块
2021-12-29 01:39:16,539 [信息] [动态模块] 完成加载(无配置文件 - [模块]/模块映射.json)
2021-12-29 01:39:16,539 [信息] [模块] 开始加载下级模块
2021-12-29 01:39:16,539 [信息] [模块] 完成下级模块加载
2021-12-29 01:39:16,540 [信息] [远程服务] 开始初始化
2021-12-29 01:39:16,540 [信息] [远程服务] 初始化完成
2021-12-29 01:39:16,540 [信息] [WebService] 未启用
2021-12-29 01:39:16,540 [信息] [模板函数] 同步模板函数
2021-12-29 01:39:16,540 [信息] [模板函数] 函数同步完成
2021-12-29 01:39:16,541 [信息] [模块] 开始加载视图
2021-12-29 01:39:16,541 [信息] [视图] /send
2021-12-29 01:39:16,541 [信息] [模块] 完成视图加载
2021-12-29 01:39:16,541 [信息] [缓存] 加载动态模板页缓存
2021-12-29 01:39:16,541 [信息] [缓存] 无动态模板页缓存设置
2021-12-29 01:39:16,542 [信息] [缓存][动态缓存] 缓存文件不存在
2021-12-29 01:39:16,542 [信息] C:/Users/Administrator/Desktop/可爱猫5.1.7（密码169）/app/https.cat/http/配置/缓存设置.json
2021-12-29 01:39:16,542 [信息] [缓存] 加载服务器静态缓存设置 [时间] 3秒 [尺寸]131072
2021-12-29 01:39:16,542 [信息] [缓存] 静态缓存初始化成功
2021-12-29 01:39:16,542 [信息] [缓存] 加载服务器缓存动态设置
2021-12-29 01:39:16,542 [信息] [模块] 执行模块初始化函数
2021-12-29 01:39:16,543 [信息] [服务器] 正在初始化请求资源
2021-12-29 01:39:16,543 [信息] [服务器] 正在绑定地址端口
2021-12-29 01:39:16,543 [信息] [服务器] 开始监听端口内容
2021-12-29 01:39:16,543 [信息] [服务器] 开始接收用户连接
2021-12-29 01:39:16,543 [信息] [服务器] 服务器启动成功
2021-12-29 01:39:16,543 [信息]     [连接数] 20
2021-12-29 01:39:16,543 [信息]     [线程数] 2 - 企业版可通过【E2EE控制中心】配置线程数
2021-12-29 01:39:16,544 [信息]     [模板数] 40
2021-12-29 01:57:01,853 [信息] 
2021-12-29 01:57:01,853 [信息] 
2021-12-29 01:57:01,853 [信息] 
2021-12-29 01:57:01,853 [信息] 
2021-12-29 01:57:01,854 [信息] ===============================================================
2021-12-29 01:57:01,854 [信息] =  [E2EE免费版] 1.8.9 
2021-12-29 01:57:01,854 [信息] =    绑定IP: *
2021-12-29 01:57:01,854 [信息] =    绑定端口: 8073
2021-12-29 01:57:01,854 [信息] ===============================================================
2021-12-29 01:57:01,854 [信息] [服务器] 初始化
2021-12-29 01:57:01,854 [信息] [Session系统] 正在初始化Session系统
2021-12-29 01:57:01,854 [信息] [Session系统] 初始化内存文件存储系统：[内存最大尺寸] 无限制
2021-12-29 01:57:01,854 [信息] [Session系统] 开始从磁盘加载本地Session：[目录] C:/Users/ADMINI~1/Desktop/可爱猫~1.7（/app/https.cat/http/临时/sessions/
2021-12-29 01:57:01,855 [信息] [Session系统] 创建Session目录
2021-12-29 01:57:01,855 [信息] [Session系统] 无法创建Session目录!Session系统将不能做持久化存储
2021-12-29 01:57:01,855 [信息] [Session系统] Session系统初始化完成
2021-12-29 01:57:01,855 [信息] [网站防火墙] 未开启防火墙
2021-12-29 01:57:01,855 [信息] [验证器] 无默认验证器配置文件
2021-12-29 01:57:01,855 [信息] [模板] [状态模板] 加载状态(404)模板: 404.html
2021-12-29 01:57:01,856 [信息] [动态模块] 开始加载动态模块
2021-12-29 01:57:01,856 [信息] [动态模块] 完成加载(无配置文件 - [模块]/模块映射.json)
2021-12-29 01:57:01,856 [信息] [模块] 开始加载下级模块
2021-12-29 01:57:01,856 [信息] [模块] 完成下级模块加载
2021-12-29 01:57:01,856 [信息] [远程服务] 开始初始化
2021-12-29 01:57:01,856 [信息] [远程服务] 初始化完成
2021-12-29 01:57:01,857 [信息] [WebService] 未启用
2021-12-29 01:57:01,857 [信息] [模板函数] 同步模板函数
2021-12-29 01:57:01,857 [信息] [模板函数] 函数同步完成
2021-12-29 01:57:01,857 [信息] [模块] 开始加载视图
2021-12-29 01:57:01,857 [信息] [视图] /send
2021-12-29 01:57:01,857 [信息] [模块] 完成视图加载
2021-12-29 01:57:01,857 [信息] [缓存] 加载动态模板页缓存
2021-12-29 01:57:01,857 [信息] [缓存] 无动态模板页缓存设置
2021-12-29 01:57:01,858 [信息] [缓存][动态缓存] 缓存文件不存在
2021-12-29 01:57:01,858 [信息] C:/Users/ADMINI~1/Desktop/可爱猫~1.7（/app/https.cat/http/配置/缓存设置.json
2021-12-29 01:57:01,858 [信息] [缓存] 加载服务器静态缓存设置 [时间] 3秒 [尺寸]131072
2021-12-29 01:57:01,858 [信息] [缓存] 静态缓存初始化成功
2021-12-29 01:57:01,858 [信息] [缓存] 加载服务器缓存动态设置
2021-12-29 01:57:01,858 [信息] [模块] 执行模块初始化函数
2021-12-29 01:57:01,858 [信息] [服务器] 正在初始化请求资源
2021-12-29 01:57:01,858 [信息] [服务器] 正在绑定地址端口
2021-12-29 01:57:01,859 [信息] [服务器] 开始监听端口内容
2021-12-29 01:57:01,859 [信息] [服务器] 开始接收用户连接
2021-12-29 01:57:01,859 [信息] [服务器] 服务器启动成功
2021-12-29 01:57:01,859 [信息]     [连接数] 20
2021-12-29 01:57:01,859 [信息]     [线程数] 2 - 企业版可通过【E2EE控制中心】配置线程数
2021-12-29 01:57:01,859 [信息]     [模板数] 40
